2026-04-13 19:23:04,555 [INFO] ingestion: ======================================================================
2026-04-13 19:23:04,556 [INFO] ingestion: JEMMA SAFEBRAIN — CIVIC DATA INGESTION PIPELINE
2026-04-13 19:23:04,556 [INFO] ingestion: ======================================================================
2026-04-13 19:23:04,556 [INFO] ingestion: Database: D:\JemmaRepo\Jemma\datasets\civic_data.db
2026-04-13 19:23:04,556 [INFO] ingestion: Workers: 4
2026-04-13 19:23:04,556 [INFO] ingestion: Retry: 3x with 2.0s backoff
2026-04-13 19:23:04,556 [INFO] ingestion: 
2026-04-13 19:23:04,578 [INFO] ingestion: === Starting ISU scrape ===
2026-04-13 19:23:04,578 [INFO] ingestion: === Starting Town of Normal scrape ===
2026-04-13 19:23:04,579 [INFO] ingestion: === Starting Data.Illinois.gov scrape ===
2026-04-13 19:23:04,579 [INFO] ingestion: === Starting Chicago Data Portal scrape ===
2026-04-13 19:23:05,050 [INFO] ingestion:   ISU [1] Illinois State University - Illinois’ first public universit... (4,847 chars)
2026-04-13 19:23:05,089 [INFO] ingestion:   DataIL [Public Safety] 0 datasets
2026-04-13 19:23:05,496 [INFO] ingestion:   Normal [1] Normal, IL - Official Website | Official Website... (6,275 chars)
2026-04-13 19:23:05,855 [INFO] ingestion:   ISU [2] About Illinois State University | Illinois State... (5,976 chars)
2026-04-13 19:23:05,897 [INFO] ingestion:   DataIL [Education] 0 datasets
2026-04-13 19:23:06,482 [INFO] ingestion:   Normal [2] Government | Normal, IL - Official Website... (8,345 chars)
2026-04-13 19:23:06,613 [INFO] ingestion:   ISU [3] Academics at Illinois State University... (4,795 chars)
2026-04-13 19:23:06,702 [INFO] ingestion:   DataIL [Health and Human Services] 0 datasets
2026-04-13 19:23:07,373 [INFO] ingestion:   ISU [4] Illinois State University Admissions... (4,917 chars)
2026-04-13 19:23:07,499 [INFO] ingestion:   DataIL [Government and Public Employees] 0 datasets
2026-04-13 19:23:07,522 [INFO] ingestion:   Normal [3] Contacting the Council | Normal, IL - Official Website... (2,839 chars)
2026-04-13 19:23:08,090 [ERROR] ingestion: HTTP 404 on https://illinoisstate.edu/campus-life/: 404 Client Error: Not Found for url: https://illinoisstate.edu/campus-life/
2026-04-13 19:23:08,319 [INFO] ingestion:   DataIL [Business and Workforce] 0 datasets
2026-04-13 19:23:08,405 [INFO] ingestion:   ISU [5] Research and Innovation at Illinois State University | Illin... (6,079 chars)
2026-04-13 19:23:08,540 [INFO] ingestion:   Normal [4] Five-Year Operating and Capital Investment Budget | Normal, ... (2,157 chars)
2026-04-13 19:23:09,115 [INFO] ingestion:   DataIL [Local Government] 0 datasets
2026-04-13 19:23:09,156 [ERROR] ingestion: HTTP 404 on https://illinoisstate.edu/about/university-facts/: 404 Client Error: Not Found for url: https://illinoisstate.edu/about/university-facts/
2026-04-13 19:23:09,397 [ERROR] ingestion: HTTP 404 on https://illinoisstate.edu/about/leadership/: 404 Client Error: Not Found for url: https://illinoisstate.edu/about/leadership/
2026-04-13 19:23:09,568 [INFO] ingestion:   Normal [5] Transparency | Normal, IL - Official Website... (1,726 chars)
2026-04-13 19:23:09,617 [INFO] ingestion: === DataIllinois scrape complete: 0 datasets ===
2026-04-13 19:23:09,618 [INFO] ingestion: === Registering Kaggle datasets ===
2026-04-13 19:23:09,620 [INFO] ingestion:   Kaggle [1] currie32/crimes-in-chicago
2026-04-13 19:23:09,621 [ERROR] ingestion: HTTP 404 on https://illinoisstate.edu/about/strategic-plan/: 404 Client Error: Not Found for url: https://illinoisstate.edu/about/strategic-plan/
2026-04-13 19:23:09,635 [INFO] ingestion:   Kaggle [2] chicago/chicago-311-service-requests
2026-04-13 19:23:09,636 [INFO] ingestion:   Kaggle [3] chicago/chicago-business-licenses-and-owners
2026-04-13 19:23:09,637 [INFO] ingestion:   Kaggle [4] chicago/chicago-food-inspections
2026-04-13 19:23:09,638 [INFO] ingestion:   Kaggle [5] isadoraamorim/trafficcrasheschicago
2026-04-13 19:23:09,638 [INFO] ingestion:   Kaggle [6] chicago/chicago-budget-ordinance-and-recommendations
2026-04-13 19:23:09,639 [INFO] ingestion:   Kaggle [7] zhaodianwen/chicago-data-portal
2026-04-13 19:23:09,640 [INFO] ingestion:   Kaggle [8] chicago/chicago-public-health-statistics
2026-04-13 19:23:09,641 [INFO] ingestion:   Kaggle [9] larsen0966/sba-loans-case-data-set
2026-04-13 19:23:09,641 [INFO] ingestion:   Kaggle [10] sumithbhongale/american-university-data-ipeds-dataset
2026-04-13 19:23:09,647 [INFO] ingestion:   kaggle CLI not found — registering metadata only
2026-04-13 19:23:09,648 [INFO] ingestion: === Kaggle registration complete: 10 datasets ===
2026-04-13 19:23:09,648 [INFO] ingestion: === Registering HuggingFace evaluation datasets ===
2026-04-13 19:23:09,656 [INFO] ingestion: === HuggingFace registration: 11 datasets ===
2026-04-13 19:23:09,893 [ERROR] ingestion: HTTP 404 on https://provost.illinoisstate.edu/data/: 404 Client Error: Not Found for url: https://provost.illinoisstate.edu/data/
2026-04-13 19:23:10,128 [INFO] ingestion:   ISU [6] Budget Office | Illinois State... (1,854 chars)
2026-04-13 19:23:10,551 [INFO] ingestion:   Normal [6] Freedom of Information | Normal, IL - Official Website... (2,695 chars)
2026-04-13 19:23:10,644 [WARNING] ingestion: Connection error on https://controller.illinoisstate.edu/, retry 1/3
2026-04-13 19:23:11,635 [INFO] ingestion:   Normal [7] Boards &amp; Commissions | Normal, IL - Official Website... (9,219 chars)
2026-04-13 19:23:12,622 [INFO] ingestion:   Normal [8] Police | Normal, IL - Official Website... (1,095 chars)
2026-04-13 19:23:12,646 [WARNING] ingestion: Connection error on https://controller.illinoisstate.edu/, retry 2/3
2026-04-13 19:23:13,642 [INFO] ingestion:   Normal [9] Fire | Normal, IL - Official Website... (5,214 chars)
2026-04-13 19:23:14,594 [INFO] ingestion:   Normal [10] Parks &amp; Recreation | Normal, IL - Official Website... (1,608 chars)
2026-04-13 19:23:15,614 [INFO] ingestion:   Normal [11] Economic Development | Normal, IL - Official Website... (4,130 chars)
2026-04-13 19:23:16,658 [WARNING] ingestion: Connection error on https://controller.illinoisstate.edu/, retry 3/3
2026-04-13 19:23:16,711 [INFO] ingestion:   Normal [12] Cultural Arts | Normal, IL - Official Website... (4,471 chars)
2026-04-13 19:23:17,690 [INFO] ingestion:   Normal [13] Parking | Normal, IL - Official Website... (3,003 chars)
2026-04-13 19:23:18,685 [INFO] ingestion:   Normal [14] Town of Normal Approved Plans  | Normal, IL - Official Websi... (3,772 chars)
2026-04-13 19:23:19,806 [INFO] ingestion:   Normal [15] Document Center • Normal, IL • CivicEngage... (5,607 chars)
2026-04-13 19:23:20,981 [INFO] ingestion:   Normal [16] Staff Directory • Normal, IL • CivicEngage... (7,652 chars)
2026-04-13 19:23:21,727 [INFO] ingestion:   Chicago [1] Crimes - 2001 to Present (31 cols)
2026-04-13 19:23:23,056 [INFO] ingestion:   Chicago [2] 311 Service Requests (45 cols)
2026-04-13 19:23:24,659 [ERROR] ingestion: All 3 retries exhausted for https://controller.illinoisstate.edu/
2026-04-13 19:23:24,878 [ERROR] ingestion: HTTP 404 on https://provost.illinoisstate.edu/data/factbook/: 404 Client Error: Not Found for url: https://provost.illinoisstate.edu/data/factbook/
2026-04-13 19:23:24,885 [INFO] ingestion:   Chicago [3] Business Licenses (42 cols)
2026-04-13 19:23:24,891 [WARNING] ingestion: Connection error on https://ir.illinoisstate.edu/, retry 1/3
2026-04-13 19:23:25,960 [INFO] ingestion:   ArcGIS [1] NWS National Significant River Flood Outlook 
2026-04-13 19:23:25,961 [INFO] ingestion:   ArcGIS [2] NWS Mesoscale Discussions
2026-04-13 19:23:25,962 [INFO] ingestion:   ArcGIS [3] Excessive Rainfall Day 1
2026-04-13 19:23:25,963 [INFO] ingestion:   ArcGIS [4] Excessive Rainfall Day 3
2026-04-13 19:23:25,964 [INFO] ingestion:   ArcGIS [5] Excessive Rainfall Day 5
2026-04-13 19:23:25,965 [INFO] ingestion:   ArcGIS [6] Excessive Rainfall Day 4
2026-04-13 19:23:25,966 [INFO] ingestion:   ArcGIS [7] Excessive Rainfall Day 2
2026-04-13 19:23:25,966 [INFO] ingestion:   ArcGIS [8] CPC 8-14 Day Temperature Outlook
2026-04-13 19:23:25,967 [INFO] ingestion:   ArcGIS [9] CPC 8-14 Day Precipitation Outlook
2026-04-13 19:23:25,968 [INFO] ingestion:   ArcGIS [10] QPF 48-54 hr
2026-04-13 19:23:25,969 [INFO] ingestion:   ArcGIS [11] QPF 30-36 hr
2026-04-13 19:23:25,969 [INFO] ingestion:   ArcGIS [12] QPF 48 Hour Day 1-2
2026-04-13 19:23:25,970 [INFO] ingestion:   ArcGIS [13] QPF 72 Hour Day 1-3
2026-04-13 19:23:25,971 [INFO] ingestion:   ArcGIS [14] QPF 36-42 hr
2026-04-13 19:23:25,972 [INFO] ingestion:   ArcGIS [15] QPF 120 Hour Day 1-5
2026-04-13 19:23:25,973 [INFO] ingestion:   ArcGIS [16] QPF 48 Hour Day 4-5
2026-04-13 19:23:25,973 [INFO] ingestion:   ArcGIS [17] QPF 00-06 hr
2026-04-13 19:23:25,974 [INFO] ingestion:   ArcGIS [18] QPF 168 Hour Day 1-7
2026-04-13 19:23:25,975 [INFO] ingestion:   ArcGIS [19] QPF 6 Hours Day 1
2026-04-13 19:23:25,976 [INFO] ingestion:   ArcGIS [20] QPF 24 Hour Day 2
2026-04-13 19:23:25,977 [INFO] ingestion:   ArcGIS [21] QPF 54-60 hr
2026-04-13 19:23:25,977 [INFO] ingestion:   ArcGIS [22] QPF 24-30 hr
2026-04-13 19:23:25,978 [INFO] ingestion:   ArcGIS [23] QPF 06-12 hr
2026-04-13 19:23:25,979 [INFO] ingestion:   ArcGIS [24] QPF 60-66 hr
2026-04-13 19:23:25,980 [INFO] ingestion:   ArcGIS [25] QPF 42-48 hr
2026-04-13 19:23:25,981 [INFO] ingestion:   ArcGIS [26] QPF 24 Hour Day 3
2026-04-13 19:23:25,981 [INFO] ingestion:   ArcGIS [27] QPF 48 Hour Day 6-7
2026-04-13 19:23:25,982 [INFO] ingestion:   ArcGIS [28] QPF 72-78 hr
2026-04-13 19:23:25,983 [INFO] ingestion:   ArcGIS [29] QPF 66-72 hr
2026-04-13 19:23:25,984 [INFO] ingestion:   ArcGIS [30] QPF 18-24 hr
2026-04-13 19:23:25,985 [INFO] ingestion:   ArcGIS [31] QPF 24 Hour Day 1
2026-04-13 19:23:25,986 [INFO] ingestion:   ArcGIS [32] QPF 12-18 hr
2026-04-13 19:23:25,986 [INFO] ingestion:   ArcGIS [33] Total Cloud Cover (oktas) - Scale Level 5
2026-04-13 19:23:25,987 [INFO] ingestion:   ArcGIS [34] Total Cloud Cover (oktas) - Scale Level 1
2026-04-13 19:23:25,988 [INFO] ingestion:   ArcGIS [35] Station ID, Air Temperature (deg F), Dew Point Temperature (deg F), Wind Gust (kt), Mean Sea-Level Pressure (mb), 3-Hour Pressure Change (mb), Visibility (mi), Sea Surface Temperature (deg F), Significant Wave Height (ft) - Scale Level 5
2026-04-13 19:23:25,989 [INFO] ingestion:   ArcGIS [36] Total Cloud Cover (oktas) - Scale Level 4
2026-04-13 19:23:25,990 [INFO] ingestion:   ArcGIS [37] Station ID, Air Temperature (deg F), Dew Point Temperature (deg F), Wind Gust (kt), Mean Sea-Level Pressure (mb), 3-Hour Pressure Change (mb), Visibility (mi), Sea Surface Temperature (deg F), Significant Wave Height (ft) - Scale Level 6
2026-04-13 19:23:25,991 [INFO] ingestion:   ArcGIS [38] Wind Velocity (knots) - Scale Level 1
2026-04-13 19:23:25,992 [INFO] ingestion:   ArcGIS [39] Station ID, Air Temperature (deg F), Dew Point Temperature (deg F), Wind Gust (kt), Mean Sea-Level Pressure (mb), 3-Hour Pressure Change (mb), Visibility (mi), Sea Surface Temperature (deg F), Significant Wave Height (ft) - Scale Level 1
2026-04-13 19:23:25,993 [INFO] ingestion:   ArcGIS [40] Total Cloud Cover (oktas) - Scale Level 6
2026-04-13 19:23:25,993 [INFO] ingestion:   ArcGIS [41] Total Cloud Cover (oktas) - Scale Level 2
2026-04-13 19:23:25,994 [INFO] ingestion:   ArcGIS [42] Station ID, Air Temperature (deg F), Dew Point Temperature (deg F), Wind Gust (kt), Mean Sea-Level Pressure (mb), 3-Hour Pressure Change (mb), Visibility (mi), Sea Surface Temperature (deg F), Significant Wave Height (ft) - Scale Level 4
2026-04-13 19:23:25,995 [INFO] ingestion:   ArcGIS [43] Wind Velocity (knots) - Scale Level 4
2026-04-13 19:23:25,996 [INFO] ingestion:   ArcGIS [44] Wind Velocity (knots) - Scale Level 6
2026-04-13 19:23:25,997 [INFO] ingestion:   ArcGIS [45] Station ID, Air Temperature (deg F), Dew Point Temperature (deg F), Wind Gust (kt), Mean Sea-Level Pressure (mb), 3-Hour Pressure Change (mb), Visibility (mi), Sea Surface Temperature (deg F), Significant Wave Height (ft) - Scale Level 3
2026-04-13 19:23:25,998 [INFO] ingestion:   ArcGIS [46] Wind Velocity (knots) - Scale Level 2
2026-04-13 19:23:25,999 [INFO] ingestion:   ArcGIS [47] Station ID, Air Temperature (deg F), Dew Point Temperature (deg F), Wind Gust (kt), Mean Sea-Level Pressure (mb), 3-Hour Pressure Change (mb), Visibility (mi), Sea Surface Temperature (deg F), Significant Wave Height (ft) - Scale Level 2
2026-04-13 19:23:26,000 [INFO] ingestion:   ArcGIS [48] Wind Velocity (knots) - Scale Level 5
2026-04-13 19:23:26,000 [INFO] ingestion:   ArcGIS [49] Total Cloud Cover (oktas) - Scale Level 3
2026-04-13 19:23:26,001 [INFO] ingestion:   ArcGIS [50] Wind Velocity (knots) - Scale Level 3
2026-04-13 19:23:26,002 [INFO] ingestion:   ArcGIS [51] NWS Wildfire Smoke Forecast
2026-04-13 19:23:26,003 [INFO] ingestion:   ArcGIS [52] Wind at Block Group Level
2026-04-13 19:23:26,004 [INFO] ingestion:   ArcGIS [53] Wind at State Level
2026-04-13 19:23:26,005 [INFO] ingestion:   ArcGIS [54] Wind at Regional Level
2026-04-13 19:23:26,006 [INFO] ingestion:   ArcGIS [55] Wind at District Level
2026-04-13 19:23:26,007 [INFO] ingestion:   ArcGIS [56] Wind at National Level
2026-04-13 19:23:26,007 [INFO] ingestion:   ArcGIS [57] Wind at County Level
2026-04-13 19:23:26,008 [INFO] ingestion:   ArcGIS [58] Wind at City Level
2026-04-13 19:23:26,009 [INFO] ingestion:   ArcGIS [59] NWS Monthly Temperature Outlooks
2026-04-13 19:23:26,010 [INFO] ingestion:   ArcGIS [60] CPC 6-10 Day Precipitation Outlook
2026-04-13 19:23:26,011 [INFO] ingestion:   ArcGIS [61] CPC 6-10 Day Temperature Outlook
2026-04-13 19:23:26,011 [INFO] ingestion:   ArcGIS [62] Kinetic Activity Tracker Europe
2026-04-13 19:23:26,012 [INFO] ingestion:   ArcGIS [63] Emails to the City Council Hotline
2026-04-13 19:23:26,013 [INFO] ingestion:   ArcGIS [64] Building Use and Square Footage Details
2026-04-13 19:23:26,014 [INFO] ingestion:   ArcGIS [65] Emails to Boulder City Council
2026-04-13 19:23:26,014 [INFO] ingestion:   ArcGIS [66] Kinetic Activity Tracker
2026-04-13 19:23:26,016 [INFO] ingestion:   ArcGIS [67] SARSAT Saves Map
2026-04-13 19:23:26,016 [INFO] ingestion:   ArcGIS [68] mazdarzini rnp atlase
2026-04-13 19:23:26,017 [INFO] ingestion:   ArcGIS [69] NEON TOS Plot Centriods view
2026-04-13 19:23:26,018 [INFO] ingestion:   ArcGIS [70] NEON TOS Plot Polygons view
2026-04-13 19:23:26,019 [INFO] ingestion:   ArcGIS [71] MaxWindAnalysis 03142026 0800AM thru 03162026 0800PM EDT March 2026 Winter Storm
2026-04-13 19:23:26,020 [INFO] ingestion:   ArcGIS [72] Snowfall Analysis March 2026 Winter Storm 
2026-04-13 19:23:26,020 [INFO] ingestion:   ArcGIS [73] MI Flat Ice Estimated Storm Total Accumulations
2026-04-13 19:23:26,021 [INFO] ingestion:   ArcGIS [74] Transportation Highway Districts in Kentucky
2026-04-13 19:23:26,022 [INFO] ingestion:   ArcGIS [75] Dutch Offshore Designated Wind Farm Zones 
2026-04-13 19:23:26,022 [INFO] ingestion:   ArcGIS [76] Markklasser 2024 @Jordbruksverket
2026-04-13 19:23:26,023 [INFO] ingestion:   ArcGIS [77] Markklasser 2023 @Jordbruksverket
2026-04-13 19:23:26,024 [INFO] ingestion:   ArcGIS [78] KDA DASHBOARD DATA GDA UPDATED V
2026-04-13 19:23:26,025 [INFO] ingestion:   ArcGIS [79] Water Framework Directive Transitional Waters Fish Ecological Status 2008 to Recent, Ireland
2026-04-13 19:23:26,026 [INFO] ingestion:   ArcGIS [80] National Barriers Programme Dataset, Ireland
2026-04-13 19:23:26,026 [INFO] ingestion:   ArcGIS [81] Community Transport Providers
2026-04-13 19:23:26,027 [INFO] ingestion:   ArcGIS [82] OSMP Mammal Occurrence Checklist
2026-04-13 19:23:26,028 [INFO] ingestion:   ArcGIS [83] OSMP Funded Research Program
2026-04-13 19:23:26,029 [INFO] ingestion:   ArcGIS [84] High resolution lichen records
2026-04-13 19:23:26,029 [INFO] ingestion:   ArcGIS [85] Alaska Aquaculture Opportunity Areas: Final Study Areas (feature service)
2026-04-13 19:23:26,030 [INFO] ingestion:   ArcGIS [86] INSPIRE Planning Areas (Half-Mile)
2026-04-13 19:23:26,031 [INFO] ingestion:   ArcGIS [87] NCRMP Puerto Rico 2025
2026-04-13 19:23:26,032 [INFO] ingestion:   ArcGIS [88] NCRMP St Croix 2025 (uneditable)
2026-04-13 19:23:26,033 [INFO] ingestion:   ArcGIS [89] Puerto Rico: Benthic Habitat (2002)
2026-04-13 19:23:26,051 [INFO] ingestion:   ArcGIS [93] Wisconsin-Lake Michigan: Sheboygan Bathymetry standard deviation (2018)
2026-04-13 19:23:26,051 [INFO] ingestion:   ArcGIS [94] Wisconsin-Lake Michigan: Nearshore LiDAR Bathymetry standard deviation (2018)
2026-04-13 19:23:26,052 [INFO] ingestion:   ArcGIS [95] Wisconsin-Lake Michigan: Nearshore LiDAR Bathymetry slope of slope (2018)
2026-04-13 19:23:26,053 [INFO] ingestion:   ArcGIS [96] Wisconsin-Lake Michigan: Nearshore LiDAR Bathymetry (2018)
2026-04-13 19:23:26,054 [INFO] ingestion:   ArcGIS [97] Wisconsin-Lake Michigan: Manitowoc Sidescan (2018)
2026-04-13 19:23:26,055 [INFO] ingestion:   ArcGIS [98] St. John USVI: Bathymetry (2009)
2026-04-13 19:23:26,055 [INFO] ingestion:   ArcGIS [99] St. John USVI: Backscatter (2009)
2026-04-13 19:23:26,058 [INFO] ingestion:   ArcGIS [100] Kachemak Bay, AK: Watersheds (2017)
2026-04-13 19:23:26,070 [INFO] ingestion: === Normal scrape complete: 116 items ===
2026-04-13 19:23:26,892 [WARNING] ingestion: Connection error on https://ir.illinoisstate.edu/, retry 2/3
2026-04-13 19:23:27,426 [INFO] ingestion:   Chicago [4] Food Inspections (22 cols)
2026-04-13 19:23:30,904 [WARNING] ingestion: Connection error on https://ir.illinoisstate.edu/, retry 3/3
2026-04-13 19:23:31,194 [INFO] ingestion:   Chicago [5] Traffic Crashes - Crashes (49 cols)
2026-04-13 19:23:31,983 [ERROR] ingestion: HTTP 404 on https://data.cityofchicago.org/api/views/fg7s-tv84.json: 404 Client Error: Not Found for url: https://data.cityofchicago.org/api/views/fg7s-tv84.json
2026-04-13 19:23:31,989 [INFO] ingestion: === Chicago scrape complete: 5 datasets ===
2026-04-13 19:23:38,904 [ERROR] ingestion: All 3 retries exhausted for https://ir.illinoisstate.edu/
2026-04-13 19:23:38,907 [WARNING] ingestion: Connection error on https://ir.illinoisstate.edu/data-portal/, retry 1/3
2026-04-13 19:23:40,908 [WARNING] ingestion: Connection error on https://ir.illinoisstate.edu/data-portal/, retry 2/3
2026-04-13 19:23:44,911 [WARNING] ingestion: Connection error on https://ir.illinoisstate.edu/data-portal/, retry 3/3
2026-04-13 19:23:52,911 [ERROR] ingestion: All 3 retries exhausted for https://ir.illinoisstate.edu/data-portal/
2026-04-13 19:23:52,913 [WARNING] ingestion: Connection error on https://ir.illinoisstate.edu/data-portal/enrollment/, retry 1/3
2026-04-13 19:23:54,915 [WARNING] ingestion: Connection error on https://ir.illinoisstate.edu/data-portal/enrollment/, retry 2/3
2026-04-13 19:23:58,918 [WARNING] ingestion: Connection error on https://ir.illinoisstate.edu/data-portal/enrollment/, retry 3/3
2026-04-13 19:24:06,919 [ERROR] ingestion: All 3 retries exhausted for https://ir.illinoisstate.edu/data-portal/enrollment/
2026-04-13 19:24:06,921 [WARNING] ingestion: Connection error on https://ir.illinoisstate.edu/data-portal/degrees/, retry 1/3
2026-04-13 19:24:08,923 [WARNING] ingestion: Connection error on https://ir.illinoisstate.edu/data-portal/degrees/, retry 2/3
2026-04-13 19:24:12,926 [WARNING] ingestion: Connection error on https://ir.illinoisstate.edu/data-portal/degrees/, retry 3/3
2026-04-13 19:24:20,926 [ERROR] ingestion: All 3 retries exhausted for https://ir.illinoisstate.edu/data-portal/degrees/
2026-04-13 19:24:20,929 [WARNING] ingestion: Connection error on https://ir.illinoisstate.edu/data-portal/financial-aid/, retry 1/3
2026-04-13 19:24:22,931 [WARNING] ingestion: Connection error on https://ir.illinoisstate.edu/data-portal/financial-aid/, retry 2/3
2026-04-13 19:24:26,934 [WARNING] ingestion: Connection error on https://ir.illinoisstate.edu/data-portal/financial-aid/, retry 3/3
2026-04-13 19:24:34,934 [ERROR] ingestion: All 3 retries exhausted for https://ir.illinoisstate.edu/data-portal/financial-aid/
2026-04-13 19:24:34,937 [WARNING] ingestion: Connection error on https://ir.illinoisstate.edu/data-portal/retention-graduation/, retry 1/3
2026-04-13 19:24:36,939 [WARNING] ingestion: Connection error on https://ir.illinoisstate.edu/data-portal/retention-graduation/, retry 2/3
2026-04-13 19:24:40,941 [WARNING] ingestion: Connection error on https://ir.illinoisstate.edu/data-portal/retention-graduation/, retry 3/3
2026-04-13 19:24:48,942 [ERROR] ingestion: All 3 retries exhausted for https://ir.illinoisstate.edu/data-portal/retention-graduation/
2026-04-13 19:24:48,944 [WARNING] ingestion: Connection error on https://ir.illinoisstate.edu/data-portal/faculty-staff/, retry 1/3
2026-04-13 19:24:50,946 [WARNING] ingestion: Connection error on https://ir.illinoisstate.edu/data-portal/faculty-staff/, retry 2/3
2026-04-13 19:24:54,948 [WARNING] ingestion: Connection error on https://ir.illinoisstate.edu/data-portal/faculty-staff/, retry 3/3
2026-04-13 19:25:02,949 [ERROR] ingestion: All 3 retries exhausted for https://ir.illinoisstate.edu/data-portal/faculty-staff/
2026-04-13 19:25:03,269 [INFO] ingestion:   ISU [7] University Police | Illinois State... (3,495 chars)
2026-04-13 19:25:03,994 [ERROR] ingestion: HTTP 404 on https://police.illinoisstate.edu/clery/: 404 Client Error: Not Found for url: https://police.illinoisstate.edu/clery/
2026-04-13 19:25:04,210 [ERROR] ingestion: HTTP 404 on https://police.illinoisstate.edu/clery/crime-statistics/: 404 Client Error: Not Found for url: https://police.illinoisstate.edu/clery/crime-statistics/
2026-04-13 19:25:04,465 [INFO] ingestion:   ISU [8] Environmental Health and Safety | Illinois State... (1,627 chars)
2026-04-13 19:25:05,265 [INFO] ingestion:   ISU [9] Office of the President | Illinois State... (3,002 chars)
2026-04-13 19:25:05,779 [WARNING] ingestion: Connection error on https://bot.illinoisstate.edu/, retry 1/3
2026-04-13 19:25:07,781 [WARNING] ingestion: Connection error on https://bot.illinoisstate.edu/, retry 2/3
2026-04-13 19:25:11,794 [WARNING] ingestion: Connection error on https://bot.illinoisstate.edu/, retry 3/3
2026-04-13 19:25:19,794 [ERROR] ingestion: All 3 retries exhausted for https://bot.illinoisstate.edu/
2026-04-13 19:25:19,808 [WARNING] ingestion: Connection error on https://senate.illinoisstate.edu/, retry 1/3
2026-04-13 19:25:21,810 [WARNING] ingestion: Connection error on https://senate.illinoisstate.edu/, retry 2/3
2026-04-13 19:25:25,820 [WARNING] ingestion: Connection error on https://senate.illinoisstate.edu/, retry 3/3
2026-04-13 19:25:33,821 [ERROR] ingestion: All 3 retries exhausted for https://senate.illinoisstate.edu/
2026-04-13 19:25:33,823 [WARNING] ingestion: Connection error on https://senate.illinoisstate.edu/budget-overview/, retry 1/3
2026-04-13 19:25:35,825 [WARNING] ingestion: Connection error on https://senate.illinoisstate.edu/budget-overview/, retry 2/3
2026-04-13 19:25:39,833 [WARNING] ingestion: Connection error on https://senate.illinoisstate.edu/budget-overview/, retry 3/3
2026-04-13 19:25:47,833 [ERROR] ingestion: All 3 retries exhausted for https://senate.illinoisstate.edu/budget-overview/
2026-04-13 19:25:48,192 [INFO] ingestion:   ISU [10] TechZone | Illinois State... (2,115 chars)
2026-04-13 19:25:48,926 [WARNING] ingestion: Connection error on https://ithelp.illinoisstate.edu/, retry 1/3
2026-04-13 19:25:51,134 [WARNING] ingestion: Connection error on https://ithelp.illinoisstate.edu/, retry 2/3
2026-04-13 19:25:55,375 [WARNING] ingestion: Connection error on https://ithelp.illinoisstate.edu/, retry 3/3
2026-04-13 19:26:03,375 [ERROR] ingestion: All 3 retries exhausted for https://ithelp.illinoisstate.edu/
2026-04-13 19:26:03,608 [INFO] ingestion:   ISU [11] Illinois State University News... (5,866 chars)
2026-04-13 19:26:04,314 [WARNING] ingestion: Connection error on https://stories.illinoisstate.edu/, retry 1/3
2026-04-13 19:26:06,499 [WARNING] ingestion: Connection error on https://stories.illinoisstate.edu/, retry 2/3
2026-04-13 19:26:10,699 [WARNING] ingestion: Connection error on https://stories.illinoisstate.edu/, retry 3/3
2026-04-13 19:26:18,699 [ERROR] ingestion: All 3 retries exhausted for https://stories.illinoisstate.edu/
2026-04-13 19:26:19,040 [INFO] ingestion:   ISU [12] Alumni | Illinois State... (2,553 chars)
2026-04-13 19:26:19,758 [ERROR] ingestion: HTTP 403 on https://illinoisstate.edu/downloads/: 403 Client Error: Forbidden for url: https://illinoisstate.edu/downloads/
2026-04-13 19:26:19,982 [ERROR] ingestion: HTTP 404 on https://illinoisstate.edu/about/fast-facts/: 404 Client Error: Not Found for url: https://illinoisstate.edu/about/fast-facts/
2026-04-13 19:26:19,987 [INFO] ingestion: === ISU scrape complete: 12 pages ===
2026-04-13 19:26:19,988 [INFO] ingestion: 
2026-04-13 19:26:19,988 [INFO] ingestion: ======================================================================
2026-04-13 19:26:19,988 [INFO] ingestion: INGESTION SUMMARY
2026-04-13 19:26:19,988 [INFO] ingestion: ======================================================================
2026-04-13 19:26:19,988 [INFO] ingestion:   Chicago             : 5
2026-04-13 19:26:19,988 [INFO] ingestion:   DataIllinois        : 0
2026-04-13 19:26:19,988 [INFO] ingestion:   HuggingFace         : 11
2026-04-13 19:26:19,988 [INFO] ingestion:   ISU                 : 12
2026-04-13 19:26:19,988 [INFO] ingestion:   Kaggle              : 10
2026-04-13 19:26:19,989 [INFO] ingestion:   Normal              : 116
2026-04-13 19:26:19,989 [INFO] ingestion: 
  Total pages:    28
2026-04-13 19:26:19,989 [INFO] ingestion:   Total datasets: 126
2026-04-13 19:26:19,989 [INFO] ingestion:   Total contacts: 118
2026-04-13 19:26:19,989 [INFO] ingestion:   Total documents:0
2026-04-13 19:26:19,989 [INFO] ingestion:   Elapsed:        195.4s
2026-04-13 19:26:19,989 [INFO] ingestion:   Database size:  652.0 KB
