2026-04-13 19:27:48,596 [INFO] orchestrator: ======================================================================
2026-04-13 19:27:48,596 [INFO] orchestrator: JEMMA SAFEBRAIN — OVERNIGHT AUTONOMOUS PIPELINE
2026-04-13 19:27:48,596 [INFO] orchestrator: Started: 2026-04-13T19:27:48.596756
2026-04-13 19:27:48,596 [INFO] orchestrator: ======================================================================
2026-04-13 19:27:48,700 [INFO] orchestrator: GPU: NVIDIA GeForce RTX 5090 @ 56°C, VRAM: 13741/32607MB
2026-04-13 19:27:48,700 [INFO] watchdog: Watchdog started (interval=10s, thresholds=80/85/90°C)
2026-04-13 19:27:48,700 [INFO] orchestrator: GPU watchdog active
2026-04-13 19:27:48,702 [INFO] orchestrator: 
======================================================================
2026-04-13 19:27:48,705 [INFO] orchestrator: PHASE 1: DATA INGESTION
2026-04-13 19:27:48,706 [INFO] orchestrator: ======================================================================
2026-04-13 19:27:48,725 [INFO] ingestion: ======================================================================
2026-04-13 19:27:48,726 [INFO] ingestion: JEMMA SAFEBRAIN — CIVIC DATA INGESTION PIPELINE
2026-04-13 19:27:48,726 [INFO] ingestion: ======================================================================
2026-04-13 19:27:48,726 [INFO] ingestion: Database: D:\JemmaRepo\Jemma\datasets\civic_data.db
2026-04-13 19:27:48,726 [INFO] ingestion: Workers: 4
2026-04-13 19:27:48,726 [INFO] ingestion: Retry: 3x with 2.0s backoff
2026-04-13 19:27:48,726 [INFO] ingestion: 
2026-04-13 19:27:48,733 [INFO] ingestion: === Starting ISU scrape ===
2026-04-13 19:27:48,733 [INFO] ingestion: === Starting Town of Normal scrape ===
2026-04-13 19:27:48,733 [INFO] ingestion: === Starting Data.Illinois.gov scrape ===
2026-04-13 19:27:48,733 [INFO] ingestion: === Starting Chicago Data Portal scrape ===
2026-04-13 19:27:49,223 [INFO] ingestion:   ISU [1] Illinois State University - Illinois’ first public universit... (4,847 chars)
2026-04-13 19:27:49,375 [INFO] ingestion:   DataIL [Public Safety] 0 datasets
2026-04-13 19:27:49,691 [INFO] ingestion:   Normal [1] Normal, IL - Official Website | Official Website... (6,275 chars)
2026-04-13 19:27:49,978 [INFO] ingestion:   ISU [2] About Illinois State University | Illinois State... (5,976 chars)
2026-04-13 19:27:50,178 [INFO] ingestion:   DataIL [Education] 0 datasets
2026-04-13 19:27:50,698 [INFO] ingestion:   Normal [2] Government | Normal, IL - Official Website... (8,345 chars)
2026-04-13 19:27:50,755 [INFO] ingestion:   ISU [3] Academics at Illinois State University... (4,795 chars)
2026-04-13 19:27:50,984 [INFO] ingestion:   DataIL [Health and Human Services] 0 datasets
2026-04-13 19:27:51,677 [INFO] ingestion:   ISU [4] Illinois State University Admissions... (4,917 chars)
2026-04-13 19:27:51,848 [INFO] ingestion:   Normal [3] Contacting the Council | Normal, IL - Official Website... (2,839 chars)
2026-04-13 19:27:51,865 [INFO] ingestion:   DataIL [Government and Public Employees] 0 datasets
2026-04-13 19:27:52,421 [ERROR] ingestion: HTTP 404 on https://illinoisstate.edu/campus-life/: 404 Client Error: Not Found for url: https://illinoisstate.edu/campus-life/
2026-04-13 19:27:52,729 [INFO] ingestion:   DataIL [Business and Workforce] 0 datasets
2026-04-13 19:27:52,843 [INFO] ingestion:   ISU [5] Research and Innovation at Illinois State University | Illin... (6,079 chars)
2026-04-13 19:27:52,943 [INFO] ingestion:   Normal [4] Five-Year Operating and Capital Investment Budget | Normal, ... (2,157 chars)
2026-04-13 19:27:53,578 [INFO] ingestion:   DataIL [Local Government] 0 datasets
2026-04-13 19:27:53,631 [ERROR] ingestion: HTTP 404 on https://illinoisstate.edu/about/university-facts/: 404 Client Error: Not Found for url: https://illinoisstate.edu/about/university-facts/
2026-04-13 19:27:53,894 [ERROR] ingestion: HTTP 404 on https://illinoisstate.edu/about/leadership/: 404 Client Error: Not Found for url: https://illinoisstate.edu/about/leadership/
2026-04-13 19:27:53,977 [INFO] ingestion:   Normal [5] Transparency | Normal, IL - Official Website... (1,726 chars)
2026-04-13 19:27:54,081 [INFO] ingestion: === DataIllinois scrape complete: 0 datasets ===
2026-04-13 19:27:54,083 [INFO] ingestion: === Registering Kaggle datasets ===
2026-04-13 19:27:54,111 [INFO] ingestion:   Kaggle [1] currie32/crimes-in-chicago
2026-04-13 19:27:54,112 [INFO] ingestion:   Kaggle [2] chicago/chicago-311-service-requests
2026-04-13 19:27:54,112 [INFO] ingestion:   Kaggle [3] chicago/chicago-business-licenses-and-owners
2026-04-13 19:27:54,113 [INFO] ingestion:   Kaggle [4] chicago/chicago-food-inspections
2026-04-13 19:27:54,114 [INFO] ingestion:   Kaggle [5] isadoraamorim/trafficcrasheschicago
2026-04-13 19:27:54,115 [INFO] ingestion:   Kaggle [6] chicago/chicago-budget-ordinance-and-recommendations
2026-04-13 19:27:54,116 [INFO] ingestion:   Kaggle [7] zhaodianwen/chicago-data-portal
2026-04-13 19:27:54,117 [INFO] ingestion:   Kaggle [8] chicago/chicago-public-health-statistics
2026-04-13 19:27:54,117 [INFO] ingestion:   Kaggle [9] larsen0966/sba-loans-case-data-set
2026-04-13 19:27:54,118 [INFO] ingestion:   Kaggle [10] sumithbhongale/american-university-data-ipeds-dataset
2026-04-13 19:27:54,124 [INFO] ingestion:   kaggle CLI not found — registering metadata only
2026-04-13 19:27:54,125 [INFO] ingestion: === Kaggle registration complete: 10 datasets ===
2026-04-13 19:27:54,125 [INFO] ingestion: === Registering HuggingFace evaluation datasets ===
2026-04-13 19:27:54,133 [INFO] ingestion: === HuggingFace registration: 11 datasets ===
2026-04-13 19:27:54,153 [ERROR] ingestion: HTTP 404 on https://illinoisstate.edu/about/strategic-plan/: 404 Client Error: Not Found for url: https://illinoisstate.edu/about/strategic-plan/
2026-04-13 19:27:54,435 [ERROR] ingestion: HTTP 404 on https://provost.illinoisstate.edu/data/: 404 Client Error: Not Found for url: https://provost.illinoisstate.edu/data/
2026-04-13 19:27:54,748 [INFO] ingestion:   ISU [6] Budget Office | Illinois State... (1,854 chars)
2026-04-13 19:27:54,965 [INFO] ingestion:   Normal [6] Freedom of Information | Normal, IL - Official Website... (2,695 chars)
2026-04-13 19:27:55,032 [INFO] ingestion:   Chicago [1] Crimes - 2001 to Present (31 cols)
2026-04-13 19:27:55,251 [WARNING] ingestion: Connection error on https://controller.illinoisstate.edu/, retry 1/3
2026-04-13 19:27:55,951 [INFO] ingestion:   Normal [7] Boards &amp; Commissions | Normal, IL - Official Website... (9,219 chars)
2026-04-13 19:27:56,301 [INFO] ingestion:   Chicago [2] 311 Service Requests (45 cols)
2026-04-13 19:27:56,949 [INFO] ingestion:   Normal [8] Police | Normal, IL - Official Website... (1,095 chars)
2026-04-13 19:27:57,252 [WARNING] ingestion: Connection error on https://controller.illinoisstate.edu/, retry 2/3
2026-04-13 19:27:58,025 [INFO] ingestion:   Normal [9] Fire | Normal, IL - Official Website... (5,214 chars)
2026-04-13 19:27:59,020 [INFO] ingestion:   Normal [10] Parks &amp; Recreation | Normal, IL - Official Website... (1,608 chars)
2026-04-13 19:27:59,869 [INFO] ingestion:   Chicago [3] Business Licenses (42 cols)
2026-04-13 19:28:00,023 [INFO] ingestion:   Normal [11] Economic Development | Normal, IL - Official Website... (4,130 chars)
2026-04-13 19:28:01,076 [INFO] ingestion:   Normal [12] Cultural Arts | Normal, IL - Official Website... (4,471 chars)
2026-04-13 19:28:01,255 [WARNING] ingestion: Connection error on https://controller.illinoisstate.edu/, retry 3/3
2026-04-13 19:28:02,056 [INFO] ingestion:   Normal [13] Parking | Normal, IL - Official Website... (3,003 chars)
2026-04-13 19:28:03,014 [INFO] ingestion:   Normal [14] Town of Normal Approved Plans  | Normal, IL - Official Websi... (3,772 chars)
2026-04-13 19:28:04,034 [INFO] ingestion:   Normal [15] Document Center • Normal, IL • CivicEngage... (5,607 chars)
2026-04-13 19:28:04,550 [INFO] ingestion:   Chicago [4] Food Inspections (22 cols)
2026-04-13 19:28:05,208 [INFO] ingestion:   Normal [16] Staff Directory • Normal, IL • CivicEngage... (7,652 chars)
2026-04-13 19:28:09,255 [ERROR] ingestion: All 3 retries exhausted for https://controller.illinoisstate.edu/
2026-04-13 19:28:09,497 [ERROR] ingestion: HTTP 404 on https://provost.illinoisstate.edu/data/factbook/: 404 Client Error: Not Found for url: https://provost.illinoisstate.edu/data/factbook/
2026-04-13 19:28:09,500 [WARNING] ingestion: Connection error on https://ir.illinoisstate.edu/, retry 1/3
2026-04-13 19:28:10,428 [INFO] ingestion:   ArcGIS [1] NWS National Significant River Flood Outlook 
2026-04-13 19:28:10,429 [INFO] ingestion:   ArcGIS [2] NWS Mesoscale Discussions
2026-04-13 19:28:10,430 [INFO] ingestion:   ArcGIS [3] Excessive Rainfall Day 1
2026-04-13 19:28:10,431 [INFO] ingestion:   ArcGIS [4] Excessive Rainfall Day 3
2026-04-13 19:28:10,432 [INFO] ingestion:   ArcGIS [5] Excessive Rainfall Day 5
2026-04-13 19:28:10,432 [INFO] ingestion:   ArcGIS [6] Excessive Rainfall Day 4
2026-04-13 19:28:10,433 [INFO] ingestion:   ArcGIS [7] Excessive Rainfall Day 2
2026-04-13 19:28:10,434 [INFO] ingestion:   ArcGIS [8] CPC 8-14 Day Temperature Outlook
2026-04-13 19:28:10,435 [INFO] ingestion:   ArcGIS [9] CPC 8-14 Day Precipitation Outlook
2026-04-13 19:28:10,436 [INFO] ingestion:   ArcGIS [10] QPF 48-54 hr
2026-04-13 19:28:10,437 [INFO] ingestion:   ArcGIS [11] QPF 30-36 hr
2026-04-13 19:28:10,438 [INFO] ingestion:   ArcGIS [12] QPF 48 Hour Day 1-2
2026-04-13 19:28:10,438 [INFO] ingestion:   ArcGIS [13] QPF 72 Hour Day 1-3
2026-04-13 19:28:10,439 [INFO] ingestion:   ArcGIS [14] QPF 36-42 hr
2026-04-13 19:28:10,440 [INFO] ingestion:   ArcGIS [15] QPF 120 Hour Day 1-5
2026-04-13 19:28:10,441 [INFO] ingestion:   ArcGIS [16] QPF 48 Hour Day 4-5
2026-04-13 19:28:10,442 [INFO] ingestion:   ArcGIS [17] QPF 00-06 hr
2026-04-13 19:28:10,443 [INFO] ingestion:   ArcGIS [18] QPF 168 Hour Day 1-7
2026-04-13 19:28:10,443 [INFO] ingestion:   ArcGIS [19] QPF 6 Hours Day 1
2026-04-13 19:28:10,444 [INFO] ingestion:   ArcGIS [20] QPF 24 Hour Day 2
2026-04-13 19:28:10,445 [INFO] ingestion:   ArcGIS [21] QPF 24-30 hr
2026-04-13 19:28:10,446 [INFO] ingestion:   ArcGIS [22] QPF 54-60 hr
2026-04-13 19:28:10,447 [INFO] ingestion:   ArcGIS [23] QPF 06-12 hr
2026-04-13 19:28:10,448 [INFO] ingestion:   ArcGIS [24] QPF 60-66 hr
2026-04-13 19:28:10,449 [INFO] ingestion:   ArcGIS [25] QPF 42-48 hr
2026-04-13 19:28:10,449 [INFO] ingestion:   ArcGIS [26] QPF 12-18 hr
2026-04-13 19:28:10,450 [INFO] ingestion:   ArcGIS [27] QPF 24 Hour Day 3
2026-04-13 19:28:10,451 [INFO] ingestion:   ArcGIS [28] QPF 48 Hour Day 6-7
2026-04-13 19:28:10,452 [INFO] ingestion:   ArcGIS [29] QPF 72-78 hr
2026-04-13 19:28:10,453 [INFO] ingestion:   ArcGIS [30] QPF 66-72 hr
2026-04-13 19:28:10,454 [INFO] ingestion:   ArcGIS [31] QPF 18-24 hr
2026-04-13 19:28:10,455 [INFO] ingestion:   ArcGIS [32] QPF 24 Hour Day 1
2026-04-13 19:28:10,455 [INFO] ingestion:   ArcGIS [33] Total Cloud Cover (oktas) - Scale Level 5
2026-04-13 19:28:10,456 [INFO] ingestion:   ArcGIS [34] Station ID, Air Temperature (deg F), Dew Point Temperature (deg F), Wind Gust (kt), Mean Sea-Level Pressure (mb), 3-Hour Pressure Change (mb), Visibility (mi), Sea Surface Temperature (deg F), Significant Wave Height (ft) - Scale Level 6
2026-04-13 19:28:10,457 [INFO] ingestion:   ArcGIS [35] Total Cloud Cover (oktas) - Scale Level 4
2026-04-13 19:28:10,458 [INFO] ingestion:   ArcGIS [36] Total Cloud Cover (oktas) - Scale Level 1
2026-04-13 19:28:10,459 [INFO] ingestion:   ArcGIS [37] Wind Velocity (knots) - Scale Level 1
2026-04-13 19:28:10,460 [INFO] ingestion:   ArcGIS [38] Station ID, Air Temperature (deg F), Dew Point Temperature (deg F), Wind Gust (kt), Mean Sea-Level Pressure (mb), 3-Hour Pressure Change (mb), Visibility (mi), Sea Surface Temperature (deg F), Significant Wave Height (ft) - Scale Level 5
2026-04-13 19:28:10,461 [INFO] ingestion:   ArcGIS [39] Station ID, Air Temperature (deg F), Dew Point Temperature (deg F), Wind Gust (kt), Mean Sea-Level Pressure (mb), 3-Hour Pressure Change (mb), Visibility (mi), Sea Surface Temperature (deg F), Significant Wave Height (ft) - Scale Level 1
2026-04-13 19:28:10,461 [INFO] ingestion:   ArcGIS [40] Total Cloud Cover (oktas) - Scale Level 6
2026-04-13 19:28:10,462 [INFO] ingestion:   ArcGIS [41] Total Cloud Cover (oktas) - Scale Level 2
2026-04-13 19:28:10,463 [INFO] ingestion:   ArcGIS [42] Station ID, Air Temperature (deg F), Dew Point Temperature (deg F), Wind Gust (kt), Mean Sea-Level Pressure (mb), 3-Hour Pressure Change (mb), Visibility (mi), Sea Surface Temperature (deg F), Significant Wave Height (ft) - Scale Level 4
2026-04-13 19:28:10,464 [INFO] ingestion:   ArcGIS [43] Wind Velocity (knots) - Scale Level 4
2026-04-13 19:28:10,465 [INFO] ingestion:   ArcGIS [44] Wind Velocity (knots) - Scale Level 6
2026-04-13 19:28:10,468 [INFO] ingestion:   ArcGIS [45] Station ID, Air Temperature (deg F), Dew Point Temperature (deg F), Wind Gust (kt), Mean Sea-Level Pressure (mb), 3-Hour Pressure Change (mb), Visibility (mi), Sea Surface Temperature (deg F), Significant Wave Height (ft) - Scale Level 2
2026-04-13 19:28:10,469 [INFO] ingestion:   ArcGIS [46] Wind Velocity (knots) - Scale Level 2
2026-04-13 19:28:10,470 [INFO] ingestion:   ArcGIS [47] Station ID, Air Temperature (deg F), Dew Point Temperature (deg F), Wind Gust (kt), Mean Sea-Level Pressure (mb), 3-Hour Pressure Change (mb), Visibility (mi), Sea Surface Temperature (deg F), Significant Wave Height (ft) - Scale Level 3
2026-04-13 19:28:10,471 [INFO] ingestion:   ArcGIS [48] Wind Velocity (knots) - Scale Level 3
2026-04-13 19:28:10,472 [INFO] ingestion:   ArcGIS [49] Total Cloud Cover (oktas) - Scale Level 3
2026-04-13 19:28:10,473 [INFO] ingestion:   ArcGIS [50] Wind Velocity (knots) - Scale Level 5
2026-04-13 19:28:10,474 [INFO] ingestion:   ArcGIS [51] NWS Wildfire Smoke Forecast
2026-04-13 19:28:10,474 [INFO] ingestion:   ArcGIS [52] Wind at Block Group Level
2026-04-13 19:28:10,475 [INFO] ingestion:   ArcGIS [53] Wind at State Level
2026-04-13 19:28:10,476 [INFO] ingestion:   ArcGIS [54] Wind at Regional Level
2026-04-13 19:28:10,477 [INFO] ingestion:   ArcGIS [55] Wind at District Level
2026-04-13 19:28:10,478 [INFO] ingestion:   ArcGIS [56] Wind at National Level
2026-04-13 19:28:10,479 [INFO] ingestion:   ArcGIS [57] Wind at County Level
2026-04-13 19:28:10,479 [INFO] ingestion:   ArcGIS [58] Wind at City Level
2026-04-13 19:28:10,480 [INFO] ingestion:   ArcGIS [59] NWS Monthly Temperature Outlooks
2026-04-13 19:28:10,481 [INFO] ingestion:   ArcGIS [60] CPC 6-10 Day Precipitation Outlook
2026-04-13 19:28:10,482 [INFO] ingestion:   ArcGIS [61] CPC 6-10 Day Temperature Outlook
2026-04-13 19:28:10,482 [INFO] ingestion:   ArcGIS [62] Kinetic Activity Tracker Europe
2026-04-13 19:28:10,483 [INFO] ingestion:   ArcGIS [63] Emails to the City Council Hotline
2026-04-13 19:28:10,484 [INFO] ingestion:   ArcGIS [64] Building Use and Square Footage Details
2026-04-13 19:28:10,485 [INFO] ingestion:   ArcGIS [65] Emails to Boulder City Council
2026-04-13 19:28:10,485 [INFO] ingestion:   ArcGIS [66] Kinetic Activity Tracker
2026-04-13 19:28:10,487 [INFO] ingestion:   ArcGIS [67] SARSAT Saves Map
2026-04-13 19:28:10,487 [INFO] ingestion:   ArcGIS [68] mazdarzini rnp atlase
2026-04-13 19:28:10,488 [INFO] ingestion:   ArcGIS [69] NEON TOS Plot Centriods view
2026-04-13 19:28:10,489 [INFO] ingestion:   ArcGIS [70] NEON TOS Plot Polygons view
2026-04-13 19:28:10,490 [INFO] ingestion:   ArcGIS [71] MaxWindAnalysis 03142026 0800AM thru 03162026 0800PM EDT March 2026 Winter Storm
2026-04-13 19:28:10,490 [INFO] ingestion:   ArcGIS [72] Snowfall Analysis March 2026 Winter Storm 
2026-04-13 19:28:10,491 [INFO] ingestion:   ArcGIS [73] MI Flat Ice Estimated Storm Total Accumulations
2026-04-13 19:28:10,492 [INFO] ingestion:   ArcGIS [74] Transportation Highway Districts in Kentucky
2026-04-13 19:28:10,493 [INFO] ingestion:   ArcGIS [75] Dutch Offshore Designated Wind Farm Zones 
2026-04-13 19:28:10,494 [INFO] ingestion:   ArcGIS [76] Markklasser 2024 @Jordbruksverket
2026-04-13 19:28:10,494 [INFO] ingestion:   ArcGIS [77] Markklasser 2023 @Jordbruksverket
2026-04-13 19:28:10,495 [INFO] ingestion:   ArcGIS [78] KDA DASHBOARD DATA GDA UPDATED V
2026-04-13 19:28:10,496 [INFO] ingestion:   ArcGIS [79] Water Framework Directive Transitional Waters Fish Ecological Status 2008 to Recent, Ireland
2026-04-13 19:28:10,497 [INFO] ingestion:   ArcGIS [80] National Barriers Programme Dataset, Ireland
2026-04-13 19:28:10,497 [INFO] ingestion:   ArcGIS [81] Community Transport Providers
2026-04-13 19:28:10,498 [INFO] ingestion:   ArcGIS [82] OSMP Mammal Occurrence Checklist
2026-04-13 19:28:10,499 [INFO] ingestion:   ArcGIS [83] OSMP Funded Research Program
2026-04-13 19:28:10,500 [INFO] ingestion:   ArcGIS [84] High resolution lichen records
2026-04-13 19:28:10,501 [INFO] ingestion:   ArcGIS [85] Alaska Aquaculture Opportunity Areas: Final Study Areas (feature service)
2026-04-13 19:28:10,501 [INFO] ingestion:   ArcGIS [86] INSPIRE Planning Areas (Half-Mile)
2026-04-13 19:28:10,502 [INFO] ingestion:   ArcGIS [87] NCRMP Puerto Rico 2025
2026-04-13 19:28:10,503 [INFO] ingestion:   ArcGIS [88] NCRMP St Croix 2025 (uneditable)
2026-04-13 19:28:10,504 [INFO] ingestion:   ArcGIS [89] Puerto Rico: Benthic Habitat (2002)
2026-04-13 19:28:10,509 [INFO] ingestion:   ArcGIS [93] Wisconsin-Lake Michigan: Sheboygan Bathymetry standard deviation (2018)
2026-04-13 19:28:10,510 [INFO] ingestion:   ArcGIS [94] Wisconsin-Lake Michigan: Nearshore LiDAR Bathymetry standard deviation (2018)
2026-04-13 19:28:10,510 [INFO] ingestion:   ArcGIS [95] Wisconsin-Lake Michigan: Nearshore LiDAR Bathymetry slope of slope (2018)
2026-04-13 19:28:10,511 [INFO] ingestion:   ArcGIS [96] Wisconsin-Lake Michigan: Nearshore LiDAR Bathymetry (2018)
2026-04-13 19:28:10,512 [INFO] ingestion:   ArcGIS [97] Wisconsin-Lake Michigan: Manitowoc Sidescan (2018)
2026-04-13 19:28:10,513 [INFO] ingestion:   ArcGIS [98] St. John USVI: Bathymetry (2009)
2026-04-13 19:28:10,514 [INFO] ingestion:   ArcGIS [99] St. John USVI: Backscatter (2009)
2026-04-13 19:28:10,514 [INFO] ingestion:   ArcGIS [100] Kachemak Bay, AK: Watersheds (2017)
2026-04-13 19:28:10,524 [INFO] ingestion: === Normal scrape complete: 116 items ===
2026-04-13 19:28:11,502 [WARNING] ingestion: Connection error on https://ir.illinoisstate.edu/, retry 2/3
2026-04-13 19:28:14,642 [INFO] ingestion:   Chicago [5] Traffic Crashes - Crashes (49 cols)
2026-04-13 19:28:15,441 [ERROR] ingestion: HTTP 404 on https://data.cityofchicago.org/api/views/fg7s-tv84.json: 404 Client Error: Not Found for url: https://data.cityofchicago.org/api/views/fg7s-tv84.json
2026-04-13 19:28:15,444 [INFO] ingestion: === Chicago scrape complete: 5 datasets ===
2026-04-13 19:28:15,504 [WARNING] ingestion: Connection error on https://ir.illinoisstate.edu/, retry 3/3
2026-04-13 19:28:23,505 [ERROR] ingestion: All 3 retries exhausted for https://ir.illinoisstate.edu/
2026-04-13 19:28:23,507 [WARNING] ingestion: Connection error on https://ir.illinoisstate.edu/data-portal/, retry 1/3
2026-04-13 19:28:25,509 [WARNING] ingestion: Connection error on https://ir.illinoisstate.edu/data-portal/, retry 2/3
2026-04-13 19:28:29,512 [WARNING] ingestion: Connection error on https://ir.illinoisstate.edu/data-portal/, retry 3/3
2026-04-13 19:28:37,512 [ERROR] ingestion: All 3 retries exhausted for https://ir.illinoisstate.edu/data-portal/
2026-04-13 19:28:37,515 [WARNING] ingestion: Connection error on https://ir.illinoisstate.edu/data-portal/enrollment/, retry 1/3
2026-04-13 19:28:39,521 [WARNING] ingestion: Connection error on https://ir.illinoisstate.edu/data-portal/enrollment/, retry 2/3
2026-04-13 19:28:43,524 [WARNING] ingestion: Connection error on https://ir.illinoisstate.edu/data-portal/enrollment/, retry 3/3
2026-04-13 19:28:51,524 [ERROR] ingestion: All 3 retries exhausted for https://ir.illinoisstate.edu/data-portal/enrollment/
2026-04-13 19:28:51,527 [WARNING] ingestion: Connection error on https://ir.illinoisstate.edu/data-portal/degrees/, retry 1/3
2026-04-13 19:28:53,528 [WARNING] ingestion: Connection error on https://ir.illinoisstate.edu/data-portal/degrees/, retry 2/3
2026-04-13 19:28:57,531 [WARNING] ingestion: Connection error on https://ir.illinoisstate.edu/data-portal/degrees/, retry 3/3
2026-04-13 19:29:05,532 [ERROR] ingestion: All 3 retries exhausted for https://ir.illinoisstate.edu/data-portal/degrees/
2026-04-13 19:29:05,534 [WARNING] ingestion: Connection error on https://ir.illinoisstate.edu/data-portal/financial-aid/, retry 1/3
2026-04-13 19:29:07,536 [WARNING] ingestion: Connection error on https://ir.illinoisstate.edu/data-portal/financial-aid/, retry 2/3
2026-04-13 19:29:11,539 [WARNING] ingestion: Connection error on https://ir.illinoisstate.edu/data-portal/financial-aid/, retry 3/3
2026-04-13 19:29:19,540 [ERROR] ingestion: All 3 retries exhausted for https://ir.illinoisstate.edu/data-portal/financial-aid/
2026-04-13 19:29:19,542 [WARNING] ingestion: Connection error on https://ir.illinoisstate.edu/data-portal/retention-graduation/, retry 1/3
2026-04-13 19:29:21,544 [WARNING] ingestion: Connection error on https://ir.illinoisstate.edu/data-portal/retention-graduation/, retry 2/3
2026-04-13 19:29:25,547 [WARNING] ingestion: Connection error on https://ir.illinoisstate.edu/data-portal/retention-graduation/, retry 3/3
2026-04-13 19:29:33,547 [ERROR] ingestion: All 3 retries exhausted for https://ir.illinoisstate.edu/data-portal/retention-graduation/
2026-04-13 19:29:33,550 [WARNING] ingestion: Connection error on https://ir.illinoisstate.edu/data-portal/faculty-staff/, retry 1/3
2026-04-13 19:29:35,551 [WARNING] ingestion: Connection error on https://ir.illinoisstate.edu/data-portal/faculty-staff/, retry 2/3
2026-04-13 19:29:39,558 [WARNING] ingestion: Connection error on https://ir.illinoisstate.edu/data-portal/faculty-staff/, retry 3/3
2026-04-13 19:29:47,558 [ERROR] ingestion: All 3 retries exhausted for https://ir.illinoisstate.edu/data-portal/faculty-staff/
2026-04-13 19:29:47,875 [INFO] ingestion:   ISU [7] University Police | Illinois State... (3,495 chars)
2026-04-13 19:29:48,591 [ERROR] ingestion: HTTP 404 on https://police.illinoisstate.edu/clery/: 404 Client Error: Not Found for url: https://police.illinoisstate.edu/clery/
2026-04-13 19:29:48,816 [ERROR] ingestion: HTTP 404 on https://police.illinoisstate.edu/clery/crime-statistics/: 404 Client Error: Not Found for url: https://police.illinoisstate.edu/clery/crime-statistics/
2026-04-13 19:29:49,096 [INFO] ingestion:   ISU [8] Environmental Health and Safety | Illinois State... (1,627 chars)
2026-04-13 19:29:49,896 [INFO] ingestion:   ISU [9] Office of the President | Illinois State... (3,002 chars)
2026-04-13 19:29:50,399 [WARNING] ingestion: Connection error on https://bot.illinoisstate.edu/, retry 1/3
2026-04-13 19:29:52,401 [WARNING] ingestion: Connection error on https://bot.illinoisstate.edu/, retry 2/3
2026-04-13 19:29:56,404 [WARNING] ingestion: Connection error on https://bot.illinoisstate.edu/, retry 3/3
2026-04-13 19:30:04,404 [ERROR] ingestion: All 3 retries exhausted for https://bot.illinoisstate.edu/
2026-04-13 19:30:04,408 [WARNING] ingestion: Connection error on https://senate.illinoisstate.edu/, retry 1/3
2026-04-13 19:30:06,409 [WARNING] ingestion: Connection error on https://senate.illinoisstate.edu/, retry 2/3
2026-04-13 19:30:09,445 [INFO] watchdog: GPU: 39°C | VRAM: 13508/32607MB (41%) | Power: 76/600W | Throttle: 100% | Status: ok
2026-04-13 19:30:10,412 [WARNING] ingestion: Connection error on https://senate.illinoisstate.edu/, retry 3/3
2026-04-13 19:30:18,412 [ERROR] ingestion: All 3 retries exhausted for https://senate.illinoisstate.edu/
2026-04-13 19:30:18,415 [WARNING] ingestion: Connection error on https://senate.illinoisstate.edu/budget-overview/, retry 1/3
2026-04-13 19:30:20,417 [WARNING] ingestion: Connection error on https://senate.illinoisstate.edu/budget-overview/, retry 2/3
2026-04-13 19:30:24,425 [WARNING] ingestion: Connection error on https://senate.illinoisstate.edu/budget-overview/, retry 3/3
2026-04-13 19:30:32,425 [ERROR] ingestion: All 3 retries exhausted for https://senate.illinoisstate.edu/budget-overview/
2026-04-13 19:30:32,779 [INFO] ingestion:   ISU [10] TechZone | Illinois State... (2,115 chars)
2026-04-13 19:30:33,508 [WARNING] ingestion: Connection error on https://ithelp.illinoisstate.edu/, retry 1/3
2026-04-13 19:30:35,733 [WARNING] ingestion: Connection error on https://ithelp.illinoisstate.edu/, retry 2/3
2026-04-13 19:30:39,968 [WARNING] ingestion: Connection error on https://ithelp.illinoisstate.edu/, retry 3/3
2026-04-13 19:30:47,968 [ERROR] ingestion: All 3 retries exhausted for https://ithelp.illinoisstate.edu/
2026-04-13 19:30:48,196 [INFO] ingestion:   ISU [11] Illinois State University News... (5,866 chars)
2026-04-13 19:30:48,906 [WARNING] ingestion: Connection error on https://stories.illinoisstate.edu/, retry 1/3
2026-04-13 19:30:51,105 [WARNING] ingestion: Connection error on https://stories.illinoisstate.edu/, retry 2/3
2026-04-13 19:30:55,299 [WARNING] ingestion: Connection error on https://stories.illinoisstate.edu/, retry 3/3
2026-04-13 19:31:03,299 [ERROR] ingestion: All 3 retries exhausted for https://stories.illinoisstate.edu/
2026-04-13 19:31:03,599 [INFO] ingestion:   ISU [12] Alumni | Illinois State... (2,553 chars)
2026-04-13 19:31:04,344 [ERROR] ingestion: HTTP 403 on https://illinoisstate.edu/downloads/: 403 Client Error: Forbidden for url: https://illinoisstate.edu/downloads/
2026-04-13 19:31:04,578 [ERROR] ingestion: HTTP 404 on https://illinoisstate.edu/about/fast-facts/: 404 Client Error: Not Found for url: https://illinoisstate.edu/about/fast-facts/
2026-04-13 19:31:04,583 [INFO] ingestion: === ISU scrape complete: 12 pages ===
2026-04-13 19:31:04,585 [INFO] ingestion: 
2026-04-13 19:31:04,585 [INFO] ingestion: ======================================================================
2026-04-13 19:31:04,585 [INFO] ingestion: INGESTION SUMMARY
2026-04-13 19:31:04,585 [INFO] ingestion: ======================================================================
2026-04-13 19:31:04,585 [INFO] ingestion:   Chicago             : 5
2026-04-13 19:31:04,585 [INFO] ingestion:   DataIllinois        : 0
2026-04-13 19:31:04,585 [INFO] ingestion:   HuggingFace         : 11
2026-04-13 19:31:04,585 [INFO] ingestion:   ISU                 : 12
2026-04-13 19:31:04,585 [INFO] ingestion:   Kaggle              : 10
2026-04-13 19:31:04,585 [INFO] ingestion:   Normal              : 116
2026-04-13 19:31:04,585 [INFO] ingestion: 
  Total pages:    28
2026-04-13 19:31:04,585 [INFO] ingestion:   Total datasets: 126
2026-04-13 19:31:04,585 [INFO] ingestion:   Total contacts: 236
2026-04-13 19:31:04,585 [INFO] ingestion:   Total documents:0
2026-04-13 19:31:04,585 [INFO] ingestion:   Elapsed:        195.9s
2026-04-13 19:31:04,585 [INFO] ingestion:   Database size:  1976.0 KB
2026-04-13 19:31:04,589 [INFO] orchestrator: Phase 1 COMPLETE
2026-04-13 19:31:04,590 [INFO] orchestrator: 
======================================================================
2026-04-13 19:31:04,590 [INFO] orchestrator: PHASE 2: RAG INDEX BUILD
2026-04-13 19:31:04,590 [INFO] orchestrator: ======================================================================
2026-04-13 19:31:04,646 [INFO] rag_engine: Building RAG index...
2026-04-13 19:31:04,655 [INFO] rag_engine: Created 299 chunks from 28 pages, 126 datasets, 0 documents
2026-04-13 19:31:09,382 [INFO] sentence_transformers.base.model: No device provided, using cuda:0
2026-04-13 19:31:09,631 [INFO] httpx: HTTP Request: HEAD https://huggingface.co/sentence-transformers/all-MiniLM-L6-v2/resolve/main/modules.json "HTTP/1.1 307 Temporary Redirect"
2026-04-13 19:31:09,644 [INFO] httpx: HTTP Request: HEAD https://huggingface.co/api/resolve-cache/models/sentence-transformers/all-MiniLM-L6-v2/c9745ed1d9f207416be6d2e6f8de32d1f16199bf/modules.json "HTTP/1.1 200 OK"
2026-04-13 19:31:09,716 [INFO] httpx: HTTP Request: HEAD https://huggingface.co/sentence-transformers/all-MiniLM-L6-v2/resolve/main/config_sentence_transformers.json "HTTP/1.1 307 Temporary Redirect"
2026-04-13 19:31:09,724 [INFO] httpx: HTTP Request: HEAD https://huggingface.co/api/resolve-cache/models/sentence-transformers/all-MiniLM-L6-v2/c9745ed1d9f207416be6d2e6f8de32d1f16199bf/config_sentence_transformers.json "HTTP/1.1 200 OK"
2026-04-13 19:31:09,725 [INFO] sentence_transformers.base.model: Loading SentenceTransformer model from sentence-transformers/all-MiniLM-L6-v2.
2026-04-13 19:31:09,795 [INFO] httpx: HTTP Request: HEAD https://huggingface.co/sentence-transformers/all-MiniLM-L6-v2/resolve/main/config_sentence_transformers.json "HTTP/1.1 307 Temporary Redirect"
2026-04-13 19:31:09,802 [INFO] httpx: HTTP Request: HEAD https://huggingface.co/api/resolve-cache/models/sentence-transformers/all-MiniLM-L6-v2/c9745ed1d9f207416be6d2e6f8de32d1f16199bf/config_sentence_transformers.json "HTTP/1.1 200 OK"
2026-04-13 19:31:09,874 [INFO] httpx: HTTP Request: HEAD https://huggingface.co/sentence-transformers/all-MiniLM-L6-v2/resolve/main/README.md "HTTP/1.1 307 Temporary Redirect"
2026-04-13 19:31:09,881 [INFO] httpx: HTTP Request: HEAD https://huggingface.co/api/resolve-cache/models/sentence-transformers/all-MiniLM-L6-v2/c9745ed1d9f207416be6d2e6f8de32d1f16199bf/README.md "HTTP/1.1 200 OK"
2026-04-13 19:31:09,960 [INFO] httpx: HTTP Request: HEAD https://huggingface.co/sentence-transformers/all-MiniLM-L6-v2/resolve/main/modules.json "HTTP/1.1 307 Temporary Redirect"
2026-04-13 19:31:09,968 [INFO] httpx: HTTP Request: HEAD https://huggingface.co/api/resolve-cache/models/sentence-transformers/all-MiniLM-L6-v2/c9745ed1d9f207416be6d2e6f8de32d1f16199bf/modules.json "HTTP/1.1 200 OK"
2026-04-13 19:31:10,037 [INFO] httpx: HTTP Request: HEAD https://huggingface.co/sentence-transformers/all-MiniLM-L6-v2/resolve/main/sentence_bert_config.json "HTTP/1.1 307 Temporary Redirect"
2026-04-13 19:31:10,046 [INFO] httpx: HTTP Request: HEAD https://huggingface.co/api/resolve-cache/models/sentence-transformers/all-MiniLM-L6-v2/c9745ed1d9f207416be6d2e6f8de32d1f16199bf/sentence_bert_config.json "HTTP/1.1 200 OK"
2026-04-13 19:31:10,114 [INFO] httpx: HTTP Request: HEAD https://huggingface.co/sentence-transformers/all-MiniLM-L6-v2/resolve/main/adapter_config.json "HTTP/1.1 404 Not Found"
2026-04-13 19:31:10,180 [INFO] httpx: HTTP Request: HEAD https://huggingface.co/sentence-transformers/all-MiniLM-L6-v2/resolve/main/config.json "HTTP/1.1 307 Temporary Redirect"
2026-04-13 19:31:10,200 [INFO] httpx: HTTP Request: HEAD https://huggingface.co/api/resolve-cache/models/sentence-transformers/all-MiniLM-L6-v2/c9745ed1d9f207416be6d2e6f8de32d1f16199bf/config.json "HTTP/1.1 200 OK"
2026-04-13 19:31:10,302 [INFO] httpx: HTTP Request: HEAD https://huggingface.co/sentence-transformers/all-MiniLM-L6-v2/resolve/main/config.json "HTTP/1.1 307 Temporary Redirect"
2026-04-13 19:31:10,311 [INFO] httpx: HTTP Request: HEAD https://huggingface.co/api/resolve-cache/models/sentence-transformers/all-MiniLM-L6-v2/c9745ed1d9f207416be6d2e6f8de32d1f16199bf/config.json "HTTP/1.1 200 OK"
2026-04-13 19:31:10,419 [INFO] httpx: HTTP Request: HEAD https://huggingface.co/sentence-transformers/all-MiniLM-L6-v2/resolve/main/processor_config.json "HTTP/1.1 404 Not Found"
2026-04-13 19:31:10,494 [INFO] httpx: HTTP Request: HEAD https://huggingface.co/sentence-transformers/all-MiniLM-L6-v2/resolve/main/preprocessor_config.json "HTTP/1.1 404 Not Found"
2026-04-13 19:31:10,574 [INFO] httpx: HTTP Request: HEAD https://huggingface.co/sentence-transformers/all-MiniLM-L6-v2/resolve/main/video_preprocessor_config.json "HTTP/1.1 404 Not Found"
2026-04-13 19:31:10,677 [INFO] httpx: HTTP Request: HEAD https://huggingface.co/sentence-transformers/all-MiniLM-L6-v2/resolve/main/preprocessor_config.json "HTTP/1.1 404 Not Found"
2026-04-13 19:31:10,766 [INFO] httpx: HTTP Request: HEAD https://huggingface.co/sentence-transformers/all-MiniLM-L6-v2/resolve/main/tokenizer_config.json "HTTP/1.1 307 Temporary Redirect"
2026-04-13 19:31:10,773 [INFO] httpx: HTTP Request: HEAD https://huggingface.co/api/resolve-cache/models/sentence-transformers/all-MiniLM-L6-v2/c9745ed1d9f207416be6d2e6f8de32d1f16199bf/tokenizer_config.json "HTTP/1.1 200 OK"
2026-04-13 19:31:10,848 [INFO] httpx: HTTP Request: HEAD https://huggingface.co/sentence-transformers/all-MiniLM-L6-v2/resolve/main/config.json "HTTP/1.1 307 Temporary Redirect"
2026-04-13 19:31:10,859 [INFO] httpx: HTTP Request: HEAD https://huggingface.co/api/resolve-cache/models/sentence-transformers/all-MiniLM-L6-v2/c9745ed1d9f207416be6d2e6f8de32d1f16199bf/config.json "HTTP/1.1 200 OK"
2026-04-13 19:31:10,952 [INFO] httpx: HTTP Request: HEAD https://huggingface.co/sentence-transformers/all-MiniLM-L6-v2/resolve/main/config.json "HTTP/1.1 307 Temporary Redirect"
2026-04-13 19:31:10,970 [INFO] httpx: HTTP Request: HEAD https://huggingface.co/api/resolve-cache/models/sentence-transformers/all-MiniLM-L6-v2/c9745ed1d9f207416be6d2e6f8de32d1f16199bf/config.json "HTTP/1.1 200 OK"
2026-04-13 19:31:11,050 [INFO] httpx: HTTP Request: HEAD https://huggingface.co/sentence-transformers/all-MiniLM-L6-v2/resolve/main/tokenizer_config.json "HTTP/1.1 307 Temporary Redirect"
2026-04-13 19:31:11,057 [INFO] httpx: HTTP Request: HEAD https://huggingface.co/api/resolve-cache/models/sentence-transformers/all-MiniLM-L6-v2/c9745ed1d9f207416be6d2e6f8de32d1f16199bf/tokenizer_config.json "HTTP/1.1 200 OK"
2026-04-13 19:31:11,139 [INFO] httpx: HTTP Request: GET https://huggingface.co/api/models/sentence-transformers/all-MiniLM-L6-v2/tree/main/additional_chat_templates?recursive=false&expand=false "HTTP/1.1 404 Not Found"
2026-04-13 19:31:11,215 [INFO] httpx: HTTP Request: GET https://huggingface.co/api/models/sentence-transformers/all-MiniLM-L6-v2/tree/main?recursive=true&expand=false "HTTP/1.1 200 OK"
2026-04-13 19:31:11,335 [INFO] httpx: HTTP Request: HEAD https://huggingface.co/sentence-transformers/all-MiniLM-L6-v2/resolve/main/1_Pooling/config.json "HTTP/1.1 307 Temporary Redirect"
2026-04-13 19:31:11,341 [INFO] httpx: HTTP Request: HEAD https://huggingface.co/api/resolve-cache/models/sentence-transformers/all-MiniLM-L6-v2/c9745ed1d9f207416be6d2e6f8de32d1f16199bf/1_Pooling%2Fconfig.json "HTTP/1.1 200 OK"
2026-04-13 19:31:11,420 [INFO] httpx: HTTP Request: GET https://huggingface.co/api/models/sentence-transformers/all-MiniLM-L6-v2 "HTTP/1.1 200 OK"
2026-04-13 19:31:11,535 [INFO] rag_engine: Using SentenceTransformer (dim=384)
2026-04-13 19:31:11,803 [INFO] rag_engine: Computed 299 embeddings (dim=384)
2026-04-13 19:31:11,809 [INFO] rag_engine: RAG index built: 299 chunks, 7.2s
2026-04-13 19:31:11,812 [INFO] orchestrator: Phase 2 COMPLETE: 299 chunks indexed
2026-04-13 19:31:11,812 [INFO] orchestrator: 
======================================================================
2026-04-13 19:31:11,812 [INFO] orchestrator: PHASE 3: AUTONOMOUS TRAINING
2026-04-13 19:31:11,812 [INFO] orchestrator: ======================================================================
2026-04-13 19:31:11,816 [INFO] trainer: ======================================================================
2026-04-13 19:31:11,817 [INFO] trainer: JEMMA SAFEBRAIN — OVERNIGHT AUTONOMOUS TRAINER
2026-04-13 19:31:11,817 [INFO] trainer: ======================================================================
2026-04-13 19:31:11,817 [INFO] trainer:   Base model:    unsloth/gemma-4-E4B-it
2026-04-13 19:31:11,817 [INFO] trainer:   Max iterations:50
2026-04-13 19:31:11,817 [INFO] trainer:   QLoRA rank:    32
2026-04-13 19:31:11,817 [INFO] trainer:   Max seq len:   4096
2026-04-13 19:31:11,817 [INFO] trainer:   Batch size:    2
2026-04-13 19:31:11,817 [INFO] trainer:   Max steps/iter:200
2026-04-13 19:31:11,817 [INFO] trainer: 
2026-04-13 19:31:11,817 [INFO] watchdog: Watchdog started (interval=10s, thresholds=80/85/90°C)
2026-04-13 19:31:11,817 [INFO] trainer: GPU watchdog started
2026-04-13 19:31:11,818 [INFO] trainer: Generating training data from civic database...
2026-04-13 19:31:11,823 [INFO] trainer: Generated 241 training pairs
2026-04-13 19:31:11,823 [INFO] trainer: Running baseline evaluation...
2026-04-13 19:31:11,945 [INFO] trainer: Baseline score: 0.000 (0/10)
2026-04-13 19:31:11,946 [INFO] trainer: 
==================================================
2026-04-13 19:31:11,946 [INFO] trainer: ITERATION 1 / 50
2026-04-13 19:31:11,946 [INFO] trainer: ==================================================
2026-04-13 19:31:11,980 [ERROR] trainer: Training iteration 0 failed: name 'GPU_TEMP_THROTTLE' is not defined
2026-04-13 19:31:12,086 [INFO] watchdog: GPU cache cleared
2026-04-13 19:31:12,121 [INFO] trainer: Iteration 1: status=error: name 'GPU_TEMP_THROTTLE' is not defined, score=N/A, saved=False, elapsed=0s
2026-04-13 19:31:12,149 [INFO] trainer: Cooling down for 15s...
2026-04-13 19:31:27,149 [INFO] trainer: 
==================================================
2026-04-13 19:31:27,149 [INFO] trainer: ITERATION 2 / 50
2026-04-13 19:31:27,149 [INFO] trainer: ==================================================
2026-04-13 19:31:27,187 [ERROR] trainer: Training iteration 1 failed: name 'GPU_TEMP_THROTTLE' is not defined
2026-04-13 19:31:27,339 [INFO] watchdog: GPU cache cleared
2026-04-13 19:31:27,371 [INFO] trainer: Iteration 2: status=error: name 'GPU_TEMP_THROTTLE' is not defined, score=N/A, saved=False, elapsed=0s
2026-04-13 19:31:27,403 [INFO] trainer: Cooling down for 15s...
2026-04-13 19:31:42,403 [INFO] trainer: 
==================================================
2026-04-13 19:31:42,403 [INFO] trainer: ITERATION 3 / 50
2026-04-13 19:31:42,403 [INFO] trainer: ==================================================
2026-04-13 19:31:42,439 [ERROR] trainer: Training iteration 2 failed: name 'GPU_TEMP_THROTTLE' is not defined
2026-04-13 19:31:42,546 [INFO] watchdog: GPU cache cleared
2026-04-13 19:31:42,595 [INFO] trainer: Iteration 3: status=error: name 'GPU_TEMP_THROTTLE' is not defined, score=N/A, saved=False, elapsed=0s
2026-04-13 19:31:42,624 [INFO] trainer: Cooling down for 15s...
2026-04-13 19:31:57,624 [INFO] trainer: 
==================================================
2026-04-13 19:31:57,624 [INFO] trainer: ITERATION 4 / 50
2026-04-13 19:31:57,624 [INFO] trainer: ==================================================
2026-04-13 19:31:57,670 [ERROR] trainer: Training iteration 3 failed: name 'GPU_TEMP_THROTTLE' is not defined
2026-04-13 19:31:57,788 [INFO] watchdog: GPU cache cleared
2026-04-13 19:31:57,841 [INFO] trainer: Iteration 4: status=error: name 'GPU_TEMP_THROTTLE' is not defined, score=N/A, saved=False, elapsed=0s
2026-04-13 19:31:57,886 [INFO] trainer: Cooling down for 15s...
2026-04-13 19:32:12,887 [INFO] trainer: 
==================================================
2026-04-13 19:32:12,887 [INFO] trainer: ITERATION 5 / 50
2026-04-13 19:32:12,887 [INFO] trainer: ==================================================
2026-04-13 19:32:12,919 [ERROR] trainer: Training iteration 4 failed: name 'GPU_TEMP_THROTTLE' is not defined
2026-04-13 19:32:13,024 [INFO] watchdog: GPU cache cleared
2026-04-13 19:32:13,059 [INFO] trainer: Iteration 5: status=error: name 'GPU_TEMP_THROTTLE' is not defined, score=N/A, saved=False, elapsed=0s
2026-04-13 19:32:13,104 [INFO] trainer: Cooling down for 15s...
2026-04-13 19:32:28,104 [INFO] trainer: 
==================================================
2026-04-13 19:32:28,104 [INFO] trainer: ITERATION 6 / 50
2026-04-13 19:32:28,104 [INFO] trainer: ==================================================
2026-04-13 19:32:28,138 [ERROR] trainer: Training iteration 5 failed: name 'GPU_TEMP_THROTTLE' is not defined
2026-04-13 19:32:28,251 [INFO] watchdog: GPU cache cleared
2026-04-13 19:32:28,294 [INFO] trainer: Iteration 6: status=error: name 'GPU_TEMP_THROTTLE' is not defined, score=N/A, saved=False, elapsed=0s
2026-04-13 19:32:28,323 [INFO] trainer: Cooling down for 15s...
2026-04-13 19:32:43,323 [INFO] trainer: 
==================================================
2026-04-13 19:32:43,323 [INFO] trainer: ITERATION 7 / 50
2026-04-13 19:32:43,323 [INFO] trainer: ==================================================
2026-04-13 19:32:43,358 [ERROR] trainer: Training iteration 6 failed: name 'GPU_TEMP_THROTTLE' is not defined
2026-04-13 19:32:43,461 [INFO] watchdog: GPU cache cleared
2026-04-13 19:32:43,497 [INFO] trainer: Iteration 7: status=error: name 'GPU_TEMP_THROTTLE' is not defined, score=N/A, saved=False, elapsed=0s
2026-04-13 19:32:43,526 [INFO] trainer: Cooling down for 15s...
2026-04-13 19:32:58,527 [INFO] trainer: 
==================================================
2026-04-13 19:32:58,527 [INFO] trainer: ITERATION 8 / 50
2026-04-13 19:32:58,527 [INFO] trainer: ==================================================
2026-04-13 19:32:58,579 [ERROR] trainer: Training iteration 7 failed: name 'GPU_TEMP_THROTTLE' is not defined
2026-04-13 19:32:58,686 [INFO] watchdog: GPU cache cleared
2026-04-13 19:32:58,717 [INFO] trainer: Iteration 8: status=error: name 'GPU_TEMP_THROTTLE' is not defined, score=N/A, saved=False, elapsed=0s
2026-04-13 19:32:58,748 [INFO] trainer: Cooling down for 15s...
2026-04-13 19:33:13,748 [INFO] trainer: 
==================================================
2026-04-13 19:33:13,749 [INFO] trainer: ITERATION 9 / 50
2026-04-13 19:33:13,749 [INFO] trainer: ==================================================
2026-04-13 19:33:13,797 [ERROR] trainer: Training iteration 8 failed: name 'GPU_TEMP_THROTTLE' is not defined
2026-04-13 19:33:13,899 [INFO] watchdog: GPU cache cleared
2026-04-13 19:33:13,936 [INFO] trainer: Iteration 9: status=error: name 'GPU_TEMP_THROTTLE' is not defined, score=N/A, saved=False, elapsed=0s
2026-04-13 19:33:13,965 [INFO] trainer: Cooling down for 15s...
2026-04-13 19:33:20,543 [INFO] orchestrator: ======================================================================
2026-04-13 19:33:20,543 [INFO] orchestrator: JEMMA SAFEBRAIN — OVERNIGHT AUTONOMOUS PIPELINE
2026-04-13 19:33:20,543 [INFO] orchestrator: Started: 2026-04-13T19:33:20.543588
2026-04-13 19:33:20,544 [INFO] orchestrator: ======================================================================
2026-04-13 19:33:20,641 [INFO] orchestrator: GPU: NVIDIA GeForce RTX 5090 @ 35°C, VRAM: 14221/32607MB
2026-04-13 19:33:20,641 [INFO] watchdog: Watchdog started (interval=10s, thresholds=80/85/90°C)
2026-04-13 19:33:20,641 [INFO] orchestrator: GPU watchdog active
2026-04-13 19:33:20,642 [INFO] orchestrator: Phase 1 already complete, skipping
2026-04-13 19:33:20,642 [INFO] orchestrator: Phase 2 already complete, skipping
2026-04-13 19:33:20,642 [INFO] orchestrator: 
======================================================================
2026-04-13 19:33:20,642 [INFO] orchestrator: PHASE 3: AUTONOMOUS TRAINING
2026-04-13 19:33:20,642 [INFO] orchestrator: ======================================================================
2026-04-13 19:33:20,667 [INFO] trainer: ======================================================================
2026-04-13 19:33:20,667 [INFO] trainer: JEMMA SAFEBRAIN — OVERNIGHT AUTONOMOUS TRAINER
2026-04-13 19:33:20,667 [INFO] trainer: ======================================================================
2026-04-13 19:33:20,667 [INFO] trainer:   Base model:    unsloth/gemma-4-E4B-it
2026-04-13 19:33:20,667 [INFO] trainer:   Max iterations:50
2026-04-13 19:33:20,667 [INFO] trainer:   QLoRA rank:    32
2026-04-13 19:33:20,667 [INFO] trainer:   Max seq len:   4096
2026-04-13 19:33:20,667 [INFO] trainer:   Batch size:    2
2026-04-13 19:33:20,667 [INFO] trainer:   Max steps/iter:200
2026-04-13 19:33:20,667 [INFO] trainer: 
2026-04-13 19:33:20,667 [INFO] watchdog: Watchdog started (interval=10s, thresholds=80/85/90°C)
2026-04-13 19:33:20,667 [INFO] trainer: GPU watchdog started
2026-04-13 19:33:20,668 [INFO] trainer: Generating training data from civic database...
2026-04-13 19:33:20,671 [INFO] trainer: Generated 241 training pairs
2026-04-13 19:33:20,671 [INFO] trainer: Running baseline evaluation...
2026-04-13 19:33:20,948 [INFO] trainer: Baseline score: 0.000 (0/10)
2026-04-13 19:33:20,949 [INFO] trainer: 
==================================================
2026-04-13 19:33:20,949 [INFO] trainer: ITERATION 1 / 50
2026-04-13 19:33:20,949 [INFO] trainer: ==================================================
2026-04-13 19:33:26,100 [INFO] trainer: Iteration 0: batch=2, steps=200, throttle=100%
2026-04-13 19:33:26,101 [INFO] trainer: Unsloth not available, using standard PEFT
2026-04-13 19:33:26,556 [INFO] httpx: HTTP Request: HEAD https://huggingface.co/unsloth/gemma-4-E4B-it/resolve/main/config.json "HTTP/1.1 307 Temporary Redirect"
2026-04-13 19:33:26,652 [INFO] httpx: HTTP Request: HEAD https://huggingface.co/api/resolve-cache/models/unsloth/gemma-4-E4B-it/e469fb226615d1dbbfd37e7ac2c3a60249373fea/config.json "HTTP/1.1 200 OK"
2026-04-13 19:33:26,762 [INFO] httpx: HTTP Request: HEAD https://huggingface.co/unsloth/gemma-4-E4B-it/resolve/main/config.json "HTTP/1.1 307 Temporary Redirect"
2026-04-13 19:33:26,780 [INFO] httpx: HTTP Request: HEAD https://huggingface.co/api/resolve-cache/models/unsloth/gemma-4-E4B-it/e469fb226615d1dbbfd37e7ac2c3a60249373fea/config.json "HTTP/1.1 200 OK"
2026-04-13 19:33:28,966 [INFO] trainer: 
==================================================
2026-04-13 19:33:28,966 [INFO] trainer: ITERATION 10 / 50
2026-04-13 19:33:28,966 [INFO] trainer: ==================================================
2026-04-13 19:33:29,541 [ERROR] trainer: Training iteration 9 failed: name 'GPU_TEMP_THROTTLE' is not defined
2026-04-13 19:33:29,659 [INFO] watchdog: GPU cache cleared
2026-04-13 19:33:29,696 [INFO] trainer: Iteration 10: status=error: name 'GPU_TEMP_THROTTLE' is not defined, score=N/A, saved=False, elapsed=1s
2026-04-13 19:33:29,743 [INFO] trainer: Cooling down for 15s...
2026-04-13 19:33:41,150 [INFO] httpx: HTTP Request: HEAD https://huggingface.co/unsloth/gemma-4-E4B-it/resolve/main/generation_config.json "HTTP/1.1 307 Temporary Redirect"
2026-04-13 19:33:41,227 [INFO] httpx: HTTP Request: HEAD https://huggingface.co/api/resolve-cache/models/unsloth/gemma-4-E4B-it/e469fb226615d1dbbfd37e7ac2c3a60249373fea/generation_config.json "HTTP/1.1 200 OK"
2026-04-13 19:33:41,306 [INFO] httpx: HTTP Request: HEAD https://huggingface.co/unsloth/gemma-4-E4B-it/resolve/main/custom_generate/generate.py "HTTP/1.1 404 Not Found"
2026-04-13 19:33:44,743 [INFO] trainer: 
==================================================
2026-04-13 19:33:44,743 [INFO] trainer: ITERATION 11 / 50
2026-04-13 19:33:44,743 [INFO] trainer: ==================================================
2026-04-13 19:33:44,819 [ERROR] trainer: Training iteration 10 failed: name 'GPU_TEMP_THROTTLE' is not defined
2026-04-13 19:33:44,989 [INFO] watchdog: GPU cache cleared
2026-04-13 19:33:45,035 [INFO] trainer: Iteration 11: status=error: name 'GPU_TEMP_THROTTLE' is not defined, score=N/A, saved=False, elapsed=0s
2026-04-13 19:33:45,081 [INFO] trainer: Cooling down for 15s...
2026-04-13 19:33:45,396 [ERROR] trainer: Training iteration 0 failed: Target module Gemma4ClippableLinear(
  (linear): Linear4bit(in_features=768, out_features=768, bias=False)
) is not supported. Currently, only the following modules are supported: `torch.nn.Linear`, `torch.nn.Embedding`, `torch.nn.Conv1d`, `torch.nn.Conv2d`, `torch.nn.Conv3d`, `transformers.pytorch_utils.Conv1D`, `torch.nn.MultiheadAttention.`.
2026-04-13 19:33:45,577 [INFO] watchdog: GPU cache cleared
2026-04-13 19:33:45,618 [INFO] trainer: Iteration 1: status=error: Target module Gemma4ClippableLinear(
  (linear): Linear4bit(in_features=768, out_features=768, bias=False)
) is not supported. Currently, only the following modules are supported: `torch.nn.Linear`, `, score=N/A, saved=False, elapsed=25s
2026-04-13 19:33:45,648 [INFO] trainer: Cooling down for 15s...
2026-04-13 19:34:00,081 [INFO] trainer: 
==================================================
2026-04-13 19:34:00,081 [INFO] trainer: ITERATION 12 / 50
2026-04-13 19:34:00,081 [INFO] trainer: ==================================================
2026-04-13 19:34:00,127 [ERROR] trainer: Training iteration 11 failed: name 'GPU_TEMP_THROTTLE' is not defined
2026-04-13 19:34:00,234 [INFO] watchdog: GPU cache cleared
2026-04-13 19:34:00,284 [INFO] trainer: Iteration 12: status=error: name 'GPU_TEMP_THROTTLE' is not defined, score=N/A, saved=False, elapsed=0s
2026-04-13 19:34:00,329 [INFO] trainer: Cooling down for 15s...
2026-04-13 19:34:00,648 [INFO] trainer: 
==================================================
2026-04-13 19:34:00,648 [INFO] trainer: ITERATION 2 / 50
2026-04-13 19:34:00,648 [INFO] trainer: ==================================================
2026-04-13 19:34:00,687 [INFO] trainer: Iteration 1: batch=1, steps=150, throttle=75%
2026-04-13 19:34:00,688 [INFO] trainer: Unsloth not available, using standard PEFT
2026-04-13 19:34:00,797 [INFO] httpx: HTTP Request: HEAD https://huggingface.co/unsloth/gemma-4-E4B-it/resolve/main/config.json "HTTP/1.1 307 Temporary Redirect"
2026-04-13 19:34:00,805 [INFO] httpx: HTTP Request: HEAD https://huggingface.co/api/resolve-cache/models/unsloth/gemma-4-E4B-it/e469fb226615d1dbbfd37e7ac2c3a60249373fea/config.json "HTTP/1.1 200 OK"
2026-04-13 19:34:00,883 [INFO] httpx: HTTP Request: HEAD https://huggingface.co/unsloth/gemma-4-E4B-it/resolve/main/config.json "HTTP/1.1 307 Temporary Redirect"
2026-04-13 19:34:00,892 [INFO] httpx: HTTP Request: HEAD https://huggingface.co/api/resolve-cache/models/unsloth/gemma-4-E4B-it/e469fb226615d1dbbfd37e7ac2c3a60249373fea/config.json "HTTP/1.1 200 OK"
2026-04-13 19:34:15,329 [INFO] trainer: 
==================================================
2026-04-13 19:34:15,329 [INFO] trainer: ITERATION 13 / 50
2026-04-13 19:34:15,329 [INFO] trainer: ==================================================
2026-04-13 19:34:15,368 [ERROR] trainer: Training iteration 12 failed: name 'GPU_TEMP_THROTTLE' is not defined
2026-04-13 19:34:15,472 [INFO] watchdog: GPU cache cleared
2026-04-13 19:34:15,509 [INFO] trainer: Iteration 13: status=error: name 'GPU_TEMP_THROTTLE' is not defined, score=N/A, saved=False, elapsed=0s
2026-04-13 19:34:15,553 [INFO] trainer: Cooling down for 15s...
2026-04-13 19:34:30,553 [INFO] trainer: 
==================================================
2026-04-13 19:34:30,553 [INFO] trainer: ITERATION 14 / 50
2026-04-13 19:34:30,553 [INFO] trainer: ==================================================
2026-04-13 19:34:30,597 [ERROR] trainer: Training iteration 13 failed: name 'GPU_TEMP_THROTTLE' is not defined
2026-04-13 19:34:30,731 [INFO] watchdog: GPU cache cleared
2026-04-13 19:34:30,769 [INFO] trainer: Iteration 14: status=error: name 'GPU_TEMP_THROTTLE' is not defined, score=N/A, saved=False, elapsed=0s
2026-04-13 19:34:30,797 [INFO] trainer: Cooling down for 15s...
2026-04-13 19:34:45,797 [INFO] trainer: 
==================================================
2026-04-13 19:34:45,797 [INFO] trainer: ITERATION 15 / 50
2026-04-13 19:34:45,797 [INFO] trainer: ==================================================
2026-04-13 19:34:45,837 [ERROR] trainer: Training iteration 14 failed: name 'GPU_TEMP_THROTTLE' is not defined
2026-04-13 19:34:45,948 [INFO] watchdog: GPU cache cleared
2026-04-13 19:34:45,993 [INFO] trainer: Iteration 15: status=error: name 'GPU_TEMP_THROTTLE' is not defined, score=N/A, saved=False, elapsed=0s
2026-04-13 19:34:46,038 [INFO] trainer: Cooling down for 15s...
2026-04-13 19:35:00,913 [INFO] watchdog: GPU: 34°C | VRAM: 7603/32607MB (23%) | Power: 67/600W | Throttle: 100% | Status: ok
2026-04-13 19:35:01,038 [INFO] trainer: 
==================================================
2026-04-13 19:35:01,038 [INFO] trainer: ITERATION 16 / 50
2026-04-13 19:35:01,038 [INFO] trainer: ==================================================
2026-04-13 19:35:01,083 [ERROR] trainer: Training iteration 15 failed: name 'GPU_TEMP_THROTTLE' is not defined
2026-04-13 19:35:01,194 [INFO] watchdog: GPU cache cleared
2026-04-13 19:35:01,239 [INFO] trainer: Iteration 16: status=error: name 'GPU_TEMP_THROTTLE' is not defined, score=N/A, saved=False, elapsed=0s
2026-04-13 19:35:01,284 [INFO] trainer: Cooling down for 15s...
2026-04-13 19:35:03,037 [INFO] watchdog: GPU: 34°C | VRAM: 7603/32607MB (23%) | Power: 66/600W | Throttle: 100% | Status: ok
2026-04-13 19:35:16,284 [INFO] trainer: 
==================================================
2026-04-13 19:35:16,284 [INFO] trainer: ITERATION 17 / 50
2026-04-13 19:35:16,284 [INFO] trainer: ==================================================
2026-04-13 19:35:16,326 [ERROR] trainer: Training iteration 16 failed: name 'GPU_TEMP_THROTTLE' is not defined
2026-04-13 19:35:16,434 [INFO] watchdog: GPU cache cleared
2026-04-13 19:35:16,481 [INFO] trainer: Iteration 17: status=error: name 'GPU_TEMP_THROTTLE' is not defined, score=N/A, saved=False, elapsed=0s
2026-04-13 19:35:16,526 [INFO] trainer: Cooling down for 15s...
2026-04-13 19:35:31,527 [INFO] trainer: 
==================================================
2026-04-13 19:35:31,527 [INFO] trainer: ITERATION 18 / 50
2026-04-13 19:35:31,527 [INFO] trainer: ==================================================
2026-04-13 19:35:31,576 [ERROR] trainer: Training iteration 17 failed: name 'GPU_TEMP_THROTTLE' is not defined
2026-04-13 19:35:31,682 [INFO] watchdog: GPU cache cleared
2026-04-13 19:35:31,731 [INFO] trainer: Iteration 18: status=error: name 'GPU_TEMP_THROTTLE' is not defined, score=N/A, saved=False, elapsed=0s
2026-04-13 19:35:31,776 [INFO] trainer: Cooling down for 15s...
2026-04-13 19:35:46,777 [INFO] trainer: 
==================================================
2026-04-13 19:35:46,777 [INFO] trainer: ITERATION 19 / 50
2026-04-13 19:35:46,777 [INFO] trainer: ==================================================
2026-04-13 19:35:46,821 [ERROR] trainer: Training iteration 18 failed: name 'GPU_TEMP_THROTTLE' is not defined
2026-04-13 19:35:46,938 [INFO] watchdog: GPU cache cleared
2026-04-13 19:35:46,977 [INFO] trainer: Iteration 19: status=error: name 'GPU_TEMP_THROTTLE' is not defined, score=N/A, saved=False, elapsed=0s
2026-04-13 19:35:47,022 [INFO] trainer: Cooling down for 15s...
2026-04-13 19:36:02,022 [INFO] trainer: 
==================================================
2026-04-13 19:36:02,022 [INFO] trainer: ITERATION 20 / 50
2026-04-13 19:36:02,022 [INFO] trainer: ==================================================
2026-04-13 19:36:02,065 [ERROR] trainer: Training iteration 19 failed: name 'GPU_TEMP_THROTTLE' is not defined
2026-04-13 19:36:02,181 [INFO] watchdog: GPU cache cleared
2026-04-13 19:36:02,221 [INFO] trainer: Iteration 20: status=error: name 'GPU_TEMP_THROTTLE' is not defined, score=N/A, saved=False, elapsed=0s
2026-04-13 19:36:02,265 [INFO] trainer: Cooling down for 15s...
2026-04-13 19:36:17,266 [INFO] trainer: 
==================================================
2026-04-13 19:36:17,266 [INFO] trainer: ITERATION 21 / 50
2026-04-13 19:36:17,266 [INFO] trainer: ==================================================
2026-04-13 19:36:17,310 [ERROR] trainer: Training iteration 20 failed: name 'GPU_TEMP_THROTTLE' is not defined
2026-04-13 19:36:17,436 [INFO] watchdog: GPU cache cleared
2026-04-13 19:36:17,481 [INFO] trainer: Iteration 21: status=error: name 'GPU_TEMP_THROTTLE' is not defined, score=N/A, saved=False, elapsed=0s
2026-04-13 19:36:17,526 [INFO] trainer: Cooling down for 15s...
2026-04-13 19:36:32,526 [INFO] trainer: 
==================================================
2026-04-13 19:36:32,526 [INFO] trainer: ITERATION 22 / 50
2026-04-13 19:36:32,526 [INFO] trainer: ==================================================
2026-04-13 19:36:32,571 [ERROR] trainer: Training iteration 21 failed: name 'GPU_TEMP_THROTTLE' is not defined
2026-04-13 19:36:32,686 [INFO] watchdog: GPU cache cleared
2026-04-13 19:36:32,740 [INFO] trainer: Iteration 22: status=error: name 'GPU_TEMP_THROTTLE' is not defined, score=N/A, saved=False, elapsed=0s
2026-04-13 19:36:32,785 [INFO] trainer: Cooling down for 15s...
2026-04-13 19:36:47,785 [INFO] trainer: 
==================================================
2026-04-13 19:36:47,785 [INFO] trainer: ITERATION 23 / 50
2026-04-13 19:36:47,785 [INFO] trainer: ==================================================
2026-04-13 19:36:47,830 [ERROR] trainer: Training iteration 22 failed: name 'GPU_TEMP_THROTTLE' is not defined
2026-04-13 19:36:47,977 [INFO] watchdog: GPU cache cleared
2026-04-13 19:36:48,018 [INFO] trainer: Iteration 23: status=error: name 'GPU_TEMP_THROTTLE' is not defined, score=N/A, saved=False, elapsed=0s
2026-04-13 19:36:48,063 [INFO] trainer: Cooling down for 15s...
2026-04-13 19:37:03,063 [INFO] trainer: 
==================================================
2026-04-13 19:37:03,063 [INFO] trainer: ITERATION 24 / 50
2026-04-13 19:37:03,063 [INFO] trainer: ==================================================
2026-04-13 19:37:03,110 [ERROR] trainer: Training iteration 23 failed: name 'GPU_TEMP_THROTTLE' is not defined
2026-04-13 19:37:03,227 [INFO] watchdog: GPU cache cleared
2026-04-13 19:37:03,265 [INFO] trainer: Iteration 24: status=error: name 'GPU_TEMP_THROTTLE' is not defined, score=N/A, saved=False, elapsed=0s
2026-04-13 19:37:03,310 [INFO] trainer: Cooling down for 15s...
2026-04-13 19:37:18,310 [INFO] trainer: 
==================================================
2026-04-13 19:37:18,310 [INFO] trainer: ITERATION 25 / 50
2026-04-13 19:37:18,310 [INFO] trainer: ==================================================
2026-04-13 19:37:18,358 [ERROR] trainer: Training iteration 24 failed: name 'GPU_TEMP_THROTTLE' is not defined
2026-04-13 19:37:18,468 [INFO] watchdog: GPU cache cleared
2026-04-13 19:37:18,513 [INFO] trainer: Iteration 25: status=error: name 'GPU_TEMP_THROTTLE' is not defined, score=N/A, saved=False, elapsed=0s
2026-04-13 19:37:18,559 [INFO] trainer: Cooling down for 15s...
2026-04-13 19:37:33,559 [INFO] trainer: 
==================================================
2026-04-13 19:37:33,559 [INFO] trainer: ITERATION 26 / 50
2026-04-13 19:37:33,559 [INFO] trainer: ==================================================
2026-04-13 19:37:33,592 [ERROR] trainer: Training iteration 25 failed: name 'GPU_TEMP_THROTTLE' is not defined
2026-04-13 19:37:33,696 [INFO] watchdog: GPU cache cleared
2026-04-13 19:37:33,731 [INFO] trainer: Iteration 26: status=error: name 'GPU_TEMP_THROTTLE' is not defined, score=N/A, saved=False, elapsed=0s
2026-04-13 19:37:33,762 [INFO] trainer: Cooling down for 15s...
2026-04-13 19:37:48,762 [INFO] trainer: 
==================================================
2026-04-13 19:37:48,762 [INFO] trainer: ITERATION 27 / 50
2026-04-13 19:37:48,762 [INFO] trainer: ==================================================
2026-04-13 19:37:48,806 [ERROR] trainer: Training iteration 26 failed: name 'GPU_TEMP_THROTTLE' is not defined
2026-04-13 19:37:48,911 [INFO] watchdog: GPU cache cleared
2026-04-13 19:37:48,946 [INFO] trainer: Iteration 27: status=error: name 'GPU_TEMP_THROTTLE' is not defined, score=N/A, saved=False, elapsed=0s
2026-04-13 19:37:48,976 [INFO] trainer: Cooling down for 15s...
2026-04-13 19:38:03,976 [INFO] trainer: 
==================================================
2026-04-13 19:38:03,976 [INFO] trainer: ITERATION 28 / 50
2026-04-13 19:38:03,976 [INFO] trainer: ==================================================
2026-04-13 19:38:04,008 [ERROR] trainer: Training iteration 27 failed: name 'GPU_TEMP_THROTTLE' is not defined
2026-04-13 19:38:04,143 [INFO] watchdog: GPU cache cleared
2026-04-13 19:38:04,177 [INFO] trainer: Iteration 28: status=error: name 'GPU_TEMP_THROTTLE' is not defined, score=N/A, saved=False, elapsed=0s
2026-04-13 19:38:04,207 [INFO] trainer: Cooling down for 15s...
2026-04-13 19:38:19,207 [INFO] trainer: 
==================================================
2026-04-13 19:38:19,207 [INFO] trainer: ITERATION 29 / 50
2026-04-13 19:38:19,207 [INFO] trainer: ==================================================
2026-04-13 19:38:19,256 [ERROR] trainer: Training iteration 28 failed: name 'GPU_TEMP_THROTTLE' is not defined
2026-04-13 19:38:19,369 [INFO] watchdog: GPU cache cleared
2026-04-13 19:38:19,413 [INFO] trainer: Iteration 29: status=error: name 'GPU_TEMP_THROTTLE' is not defined, score=N/A, saved=False, elapsed=0s
2026-04-13 19:38:19,457 [INFO] trainer: Cooling down for 15s...
2026-04-13 19:38:34,458 [INFO] trainer: 
==================================================
2026-04-13 19:38:34,458 [INFO] trainer: ITERATION 30 / 50
2026-04-13 19:38:34,458 [INFO] trainer: ==================================================
2026-04-13 19:38:34,496 [ERROR] trainer: Training iteration 29 failed: name 'GPU_TEMP_THROTTLE' is not defined
2026-04-13 19:38:34,605 [INFO] watchdog: GPU cache cleared
2026-04-13 19:38:34,653 [INFO] trainer: Iteration 30: status=error: name 'GPU_TEMP_THROTTLE' is not defined, score=N/A, saved=False, elapsed=0s
2026-04-13 19:38:34,682 [INFO] trainer: Cooling down for 15s...
2026-04-13 19:38:49,683 [INFO] trainer: 
==================================================
2026-04-13 19:38:49,683 [INFO] trainer: ITERATION 31 / 50
2026-04-13 19:38:49,683 [INFO] trainer: ==================================================
2026-04-13 19:38:49,722 [ERROR] trainer: Training iteration 30 failed: name 'GPU_TEMP_THROTTLE' is not defined
2026-04-13 19:38:49,851 [INFO] watchdog: GPU cache cleared
2026-04-13 19:38:49,893 [INFO] trainer: Iteration 31: status=error: name 'GPU_TEMP_THROTTLE' is not defined, score=N/A, saved=False, elapsed=0s
2026-04-13 19:38:49,938 [INFO] trainer: Cooling down for 15s...
2026-04-13 19:39:04,939 [INFO] trainer: 
==================================================
2026-04-13 19:39:04,939 [INFO] trainer: ITERATION 32 / 50
2026-04-13 19:39:04,939 [INFO] trainer: ==================================================
2026-04-13 19:39:04,984 [ERROR] trainer: Training iteration 31 failed: name 'GPU_TEMP_THROTTLE' is not defined
2026-04-13 19:39:05,087 [INFO] watchdog: GPU cache cleared
2026-04-13 19:39:05,124 [INFO] trainer: Iteration 32: status=error: name 'GPU_TEMP_THROTTLE' is not defined, score=N/A, saved=False, elapsed=0s
2026-04-13 19:39:05,153 [INFO] trainer: Cooling down for 15s...
2026-04-13 19:39:20,153 [INFO] trainer: 
==================================================
2026-04-13 19:39:20,153 [INFO] trainer: ITERATION 33 / 50
2026-04-13 19:39:20,154 [INFO] trainer: ==================================================
2026-04-13 19:39:20,203 [ERROR] trainer: Training iteration 32 failed: name 'GPU_TEMP_THROTTLE' is not defined
2026-04-13 19:39:20,324 [INFO] watchdog: GPU cache cleared
2026-04-13 19:39:20,377 [INFO] trainer: Iteration 33: status=error: name 'GPU_TEMP_THROTTLE' is not defined, score=N/A, saved=False, elapsed=0s
2026-04-13 19:39:20,422 [INFO] trainer: Cooling down for 15s...
2026-04-13 19:39:35,422 [INFO] trainer: 
==================================================
2026-04-13 19:39:35,422 [INFO] trainer: ITERATION 34 / 50
2026-04-13 19:39:35,422 [INFO] trainer: ==================================================
2026-04-13 19:39:35,463 [ERROR] trainer: Training iteration 33 failed: name 'GPU_TEMP_THROTTLE' is not defined
2026-04-13 19:39:35,568 [INFO] watchdog: GPU cache cleared
2026-04-13 19:39:35,618 [INFO] trainer: Iteration 34: status=error: name 'GPU_TEMP_THROTTLE' is not defined, score=N/A, saved=False, elapsed=0s
2026-04-13 19:39:35,665 [INFO] trainer: Cooling down for 15s...
2026-04-13 19:39:50,665 [INFO] trainer: 
==================================================
2026-04-13 19:39:50,665 [INFO] trainer: ITERATION 35 / 50
2026-04-13 19:39:50,665 [INFO] trainer: ==================================================
2026-04-13 19:39:50,716 [ERROR] trainer: Training iteration 34 failed: name 'GPU_TEMP_THROTTLE' is not defined
2026-04-13 19:39:50,823 [INFO] watchdog: GPU cache cleared
2026-04-13 19:39:50,876 [INFO] trainer: Iteration 35: status=error: name 'GPU_TEMP_THROTTLE' is not defined, score=N/A, saved=False, elapsed=0s
2026-04-13 19:39:50,921 [INFO] trainer: Cooling down for 15s...
2026-04-13 19:40:02,358 [INFO] watchdog: GPU: 34°C | VRAM: 7666/32607MB (24%) | Power: 65/600W | Throttle: 100% | Status: ok
2026-04-13 19:40:04,708 [INFO] watchdog: GPU: 35°C | VRAM: 7668/32607MB (24%) | Power: 66/600W | Throttle: 100% | Status: ok
2026-04-13 19:40:05,922 [INFO] trainer: 
==================================================
2026-04-13 19:40:05,922 [INFO] trainer: ITERATION 36 / 50
2026-04-13 19:40:05,922 [INFO] trainer: ==================================================
2026-04-13 19:40:05,963 [ERROR] trainer: Training iteration 35 failed: name 'GPU_TEMP_THROTTLE' is not defined
2026-04-13 19:40:06,064 [INFO] watchdog: GPU cache cleared
2026-04-13 19:40:06,102 [INFO] trainer: Iteration 36: status=error: name 'GPU_TEMP_THROTTLE' is not defined, score=N/A, saved=False, elapsed=0s
2026-04-13 19:40:06,147 [INFO] trainer: Cooling down for 15s...
2026-04-13 19:40:21,147 [INFO] trainer: 
==================================================
2026-04-13 19:40:21,147 [INFO] trainer: ITERATION 37 / 50
2026-04-13 19:40:21,147 [INFO] trainer: ==================================================
2026-04-13 19:40:21,190 [ERROR] trainer: Training iteration 36 failed: name 'GPU_TEMP_THROTTLE' is not defined
2026-04-13 19:40:21,290 [INFO] watchdog: GPU cache cleared
2026-04-13 19:40:21,330 [INFO] trainer: Iteration 37: status=error: name 'GPU_TEMP_THROTTLE' is not defined, score=N/A, saved=False, elapsed=0s
2026-04-13 19:40:21,375 [INFO] trainer: Cooling down for 15s...
2026-04-13 19:40:36,375 [INFO] trainer: 
==================================================
2026-04-13 19:40:36,375 [INFO] trainer: ITERATION 38 / 50
2026-04-13 19:40:36,375 [INFO] trainer: ==================================================
2026-04-13 19:40:36,420 [ERROR] trainer: Training iteration 37 failed: name 'GPU_TEMP_THROTTLE' is not defined
2026-04-13 19:40:36,526 [INFO] watchdog: GPU cache cleared
2026-04-13 19:40:36,575 [INFO] trainer: Iteration 38: status=error: name 'GPU_TEMP_THROTTLE' is not defined, score=N/A, saved=False, elapsed=0s
2026-04-13 19:40:36,621 [INFO] trainer: Cooling down for 15s...
2026-04-13 19:40:51,621 [INFO] trainer: 
==================================================
2026-04-13 19:40:51,621 [INFO] trainer: ITERATION 39 / 50
2026-04-13 19:40:51,621 [INFO] trainer: ==================================================
2026-04-13 19:40:51,667 [ERROR] trainer: Training iteration 38 failed: name 'GPU_TEMP_THROTTLE' is not defined
2026-04-13 19:40:51,770 [INFO] watchdog: GPU cache cleared
2026-04-13 19:40:51,806 [INFO] trainer: Iteration 39: status=error: name 'GPU_TEMP_THROTTLE' is not defined, score=N/A, saved=False, elapsed=0s
2026-04-13 19:40:51,853 [INFO] trainer: Cooling down for 15s...
2026-04-13 19:41:06,853 [INFO] trainer: 
==================================================
2026-04-13 19:41:06,853 [INFO] trainer: ITERATION 40 / 50
2026-04-13 19:41:06,853 [INFO] trainer: ==================================================
2026-04-13 19:41:06,899 [ERROR] trainer: Training iteration 39 failed: name 'GPU_TEMP_THROTTLE' is not defined
2026-04-13 19:41:07,002 [INFO] watchdog: GPU cache cleared
2026-04-13 19:41:07,039 [INFO] trainer: Iteration 40: status=error: name 'GPU_TEMP_THROTTLE' is not defined, score=N/A, saved=False, elapsed=0s
2026-04-13 19:41:07,084 [INFO] trainer: Cooling down for 15s...
2026-04-13 19:41:22,085 [INFO] trainer: 
==================================================
2026-04-13 19:41:22,085 [INFO] trainer: ITERATION 41 / 50
2026-04-13 19:41:22,085 [INFO] trainer: ==================================================
2026-04-13 19:41:22,131 [ERROR] trainer: Training iteration 40 failed: name 'GPU_TEMP_THROTTLE' is not defined
2026-04-13 19:41:22,237 [INFO] watchdog: GPU cache cleared
2026-04-13 19:41:22,286 [INFO] trainer: Iteration 41: status=error: name 'GPU_TEMP_THROTTLE' is not defined, score=N/A, saved=False, elapsed=0s
2026-04-13 19:41:22,332 [INFO] trainer: Cooling down for 15s...
2026-04-13 19:41:37,332 [INFO] trainer: 
==================================================
2026-04-13 19:41:37,332 [INFO] trainer: ITERATION 42 / 50
2026-04-13 19:41:37,332 [INFO] trainer: ==================================================
2026-04-13 19:41:37,368 [ERROR] trainer: Training iteration 41 failed: name 'GPU_TEMP_THROTTLE' is not defined
2026-04-13 19:41:37,472 [INFO] watchdog: GPU cache cleared
2026-04-13 19:41:37,508 [INFO] trainer: Iteration 42: status=error: name 'GPU_TEMP_THROTTLE' is not defined, score=N/A, saved=False, elapsed=0s
2026-04-13 19:41:37,553 [INFO] trainer: Cooling down for 15s...
2026-04-13 19:41:52,553 [INFO] trainer: 
==================================================
2026-04-13 19:41:52,553 [INFO] trainer: ITERATION 43 / 50
2026-04-13 19:41:52,553 [INFO] trainer: ==================================================
2026-04-13 19:41:52,591 [ERROR] trainer: Training iteration 42 failed: name 'GPU_TEMP_THROTTLE' is not defined
2026-04-13 19:41:52,693 [INFO] watchdog: GPU cache cleared
2026-04-13 19:41:52,731 [INFO] trainer: Iteration 43: status=error: name 'GPU_TEMP_THROTTLE' is not defined, score=N/A, saved=False, elapsed=0s
2026-04-13 19:41:52,775 [INFO] trainer: Cooling down for 15s...
2026-04-13 19:42:07,776 [INFO] trainer: 
==================================================
2026-04-13 19:42:07,776 [INFO] trainer: ITERATION 44 / 50
2026-04-13 19:42:07,776 [INFO] trainer: ==================================================
2026-04-13 19:42:07,815 [ERROR] trainer: Training iteration 43 failed: name 'GPU_TEMP_THROTTLE' is not defined
2026-04-13 19:42:07,914 [INFO] watchdog: GPU cache cleared
2026-04-13 19:42:07,955 [INFO] trainer: Iteration 44: status=error: name 'GPU_TEMP_THROTTLE' is not defined, score=N/A, saved=False, elapsed=0s
2026-04-13 19:42:07,985 [INFO] trainer: Cooling down for 15s...
2026-04-13 19:42:22,985 [INFO] trainer: 
==================================================
2026-04-13 19:42:22,985 [INFO] trainer: ITERATION 45 / 50
2026-04-13 19:42:22,985 [INFO] trainer: ==================================================
2026-04-13 19:42:23,024 [ERROR] trainer: Training iteration 44 failed: name 'GPU_TEMP_THROTTLE' is not defined
2026-04-13 19:42:23,143 [INFO] watchdog: GPU cache cleared
2026-04-13 19:42:23,178 [INFO] trainer: Iteration 45: status=error: name 'GPU_TEMP_THROTTLE' is not defined, score=N/A, saved=False, elapsed=0s
2026-04-13 19:42:23,208 [INFO] trainer: Cooling down for 15s...
2026-04-13 19:42:38,208 [INFO] trainer: 
==================================================
2026-04-13 19:42:38,208 [INFO] trainer: ITERATION 46 / 50
2026-04-13 19:42:38,208 [INFO] trainer: ==================================================
2026-04-13 19:42:38,252 [ERROR] trainer: Training iteration 45 failed: name 'GPU_TEMP_THROTTLE' is not defined
2026-04-13 19:42:38,352 [INFO] watchdog: GPU cache cleared
2026-04-13 19:42:38,392 [INFO] trainer: Iteration 46: status=error: name 'GPU_TEMP_THROTTLE' is not defined, score=N/A, saved=False, elapsed=0s
2026-04-13 19:42:38,436 [INFO] trainer: Cooling down for 15s...
2026-04-13 19:42:53,437 [INFO] trainer: 
==================================================
2026-04-13 19:42:53,437 [INFO] trainer: ITERATION 47 / 50
2026-04-13 19:42:53,437 [INFO] trainer: ==================================================
2026-04-13 19:42:53,472 [ERROR] trainer: Training iteration 46 failed: name 'GPU_TEMP_THROTTLE' is not defined
2026-04-13 19:42:53,575 [INFO] watchdog: GPU cache cleared
2026-04-13 19:42:53,612 [INFO] trainer: Iteration 47: status=error: name 'GPU_TEMP_THROTTLE' is not defined, score=N/A, saved=False, elapsed=0s
2026-04-13 19:42:53,641 [INFO] trainer: Cooling down for 15s...
2026-04-13 19:43:08,641 [INFO] trainer: 
==================================================
2026-04-13 19:43:08,641 [INFO] trainer: ITERATION 48 / 50
2026-04-13 19:43:08,641 [INFO] trainer: ==================================================
2026-04-13 19:43:08,681 [ERROR] trainer: Training iteration 47 failed: name 'GPU_TEMP_THROTTLE' is not defined
2026-04-13 19:43:08,796 [INFO] watchdog: GPU cache cleared
2026-04-13 19:43:08,836 [INFO] trainer: Iteration 48: status=error: name 'GPU_TEMP_THROTTLE' is not defined, score=N/A, saved=False, elapsed=0s
2026-04-13 19:43:08,881 [INFO] trainer: Cooling down for 15s...
2026-04-13 19:43:23,881 [INFO] trainer: 
==================================================
2026-04-13 19:43:23,881 [INFO] trainer: ITERATION 49 / 50
2026-04-13 19:43:23,881 [INFO] trainer: ==================================================
2026-04-13 19:43:23,918 [ERROR] trainer: Training iteration 48 failed: name 'GPU_TEMP_THROTTLE' is not defined
2026-04-13 19:43:24,011 [INFO] watchdog: GPU cache cleared
2026-04-13 19:43:24,043 [INFO] trainer: Iteration 49: status=error: name 'GPU_TEMP_THROTTLE' is not defined, score=N/A, saved=False, elapsed=0s
2026-04-13 19:43:24,072 [INFO] trainer: Cooling down for 15s...
2026-04-13 19:43:39,073 [INFO] trainer: 
==================================================
2026-04-13 19:43:39,073 [INFO] trainer: ITERATION 50 / 50
2026-04-13 19:43:39,073 [INFO] trainer: ==================================================
2026-04-13 19:43:39,107 [ERROR] trainer: Training iteration 49 failed: name 'GPU_TEMP_THROTTLE' is not defined
2026-04-13 19:43:39,211 [INFO] watchdog: GPU cache cleared
2026-04-13 19:43:39,249 [INFO] trainer: Iteration 50: status=error: name 'GPU_TEMP_THROTTLE' is not defined, score=N/A, saved=False, elapsed=0s
2026-04-13 19:43:39,293 [INFO] trainer: Cooling down for 15s...
2026-04-13 19:43:54,294 [INFO] trainer: 
======================================================================
2026-04-13 19:43:54,294 [INFO] trainer: OVERNIGHT TRAINING SUMMARY
2026-04-13 19:43:54,294 [INFO] trainer: ======================================================================
2026-04-13 19:43:54,294 [INFO] trainer:   Total time:     0.2 hours
2026-04-13 19:43:54,294 [INFO] trainer:   Iterations:     50
2026-04-13 19:43:54,294 [INFO] trainer:   Completed:      0
2026-04-13 19:43:54,294 [INFO] trainer:   Improved:       0
2026-04-13 19:43:54,294 [INFO] trainer:   Best score:     0.000
2026-04-13 19:43:54,294 [INFO] trainer:   Baseline:       0.000
2026-04-13 19:43:54,294 [INFO] trainer:   Improvement:    +0.000
2026-04-13 19:43:54,294 [INFO] trainer: ======================================================================
2026-04-13 19:43:54,294 [INFO] orchestrator: Phase 3 COMPLETE
2026-04-13 19:43:54,294 [INFO] orchestrator: 
======================================================================
2026-04-13 19:43:54,294 [INFO] orchestrator: PHASE 4: MODEL EXPORT
2026-04-13 19:43:54,294 [INFO] orchestrator: ======================================================================
2026-04-13 19:43:54,294 [WARNING] orchestrator: No best adapter found — skipping export
2026-04-13 19:43:54,295 [INFO] orchestrator: 
======================================================================
2026-04-13 19:43:54,295 [INFO] orchestrator: OVERNIGHT PIPELINE — FINAL REPORT
2026-04-13 19:43:54,295 [INFO] orchestrator: ======================================================================
2026-04-13 19:43:54,295 [INFO] orchestrator:   Total time:          0.3 hours
2026-04-13 19:43:54,295 [INFO] orchestrator:   Phase reached:       4
2026-04-13 19:43:54,295 [INFO] orchestrator:   Ingestion:           DONE
2026-04-13 19:43:54,295 [INFO] orchestrator:   RAG index:           DONE (299 chunks)
2026-04-13 19:43:54,295 [INFO] orchestrator:   Training:            50 iterations
2026-04-13 19:43:54,295 [INFO] orchestrator:   Best score:          0.000
2026-04-13 19:43:54,295 [INFO] orchestrator:   Errors:              0
2026-04-13 19:43:54,295 [INFO] orchestrator:   State file:          D:\JemmaRepo\Jemma\state\overnight_state.json
2026-04-13 19:43:54,295 [INFO] orchestrator: ======================================================================
